00000000         *UND*	00000000 device_get_softc
00000000         *UND*	00000000 device_set_desc
00000000         *UND*	00000000 usbd_transfer_dequeue
00000000         *UND*	00000000 vsprintf
00000000         *UND*	00000000 thread_exit
00000000         *UND*	00000000 remove_timer
00000000         *UND*	00000000 restart_timer
00000000         *UND*	00000000 new_kernel_thread
00000000         *UND*	00000000 memcpy
00000000         *UND*	00000000 kfree
00000000         *UND*	00000000 device_set_softc
00000000         *UND*	00000000 device_get_ivars
00000000         *UND*	00000000 usbd_do_callback
00000000         *UND*	00000000 init_timer
00000000         *UND*	00000000 device_get_nameunit
00000000         *UND*	00000000 usbd_get_pipe
00000000         *UND*	00000000 current_thread
00000000         *UND*	00000000 map_physical_memory_nocache
00000000         *UND*	00000000 thread_wakeup
00000000         *UND*	00000000 driver_module_handler
00000000         *UND*	00000000 thread_wait
00000000         *UND*	00000000 device_delete_child
00000000         *UND*	00000000 kernel_driver_register
00000000         *UND*	00000000 get_unix_time
00000000         *UND*	00000000 bus_generic_shutdown
00000000         *UND*	00000000 usbd_transfer_done
00000000         *UND*	00000000 strncpy
00000000         *UND*	00000000 panic
00000000         *UND*	00000000 startup_ticks
00000000         *UND*	00000000 bus_generic_print_child
00000000         *UND*	00000000 memset
00000000         *UND*	00000000 device_add_child
00000000         *UND*	00000000 __usbd_callback
00000000         *UND*	00000000 sprintf
00000000         *UND*	00000000 bus_generic_suspend
00000000         *UND*	00000000 bus_generic_attach
00000000         *UND*	00000000 bus_teardown_intr
00000000         *UND*	00000000 device_set_ivars
00000000         *UND*	00000000 install_timer
00000000         *UND*	00000000 kprintf
00000000         *UND*	00000000 thread_waitq_init
00000000         *UND*	00000000 kmalloc
00000000         *UND*	00000000 usbd_transfer_enqueue
00000000         *UND*	00000000 thread_sleep_on
00000000         *UND*	00000000 device_probe_and_attach
00000000         *UND*	00000000 strlen
00000000         *UND*	00000000 bus_generic_resume
00000000         *UND*	00000000 put_irq_handler
