00000000         *UND*	00000000 strcpy
00000000         *UND*	00000000 device_get_softc
00000000         *UND*	00000000 vsprintf
00000000         *UND*	00000000 thread_exit
00000000         *UND*	00000000 remove_timer
00000000         *UND*	00000000 snprintf
00000000         *UND*	00000000 restart_timer
00000000         *UND*	00000000 new_kernel_thread
00000000         *UND*	00000000 install_dll_table
00000000         *UND*	00000000 devclass_find
00000000         *UND*	00000000 device_get_parent
00000000         *UND*	00000000 memcpy
00000000         *UND*	00000000 kfree
00000000         *UND*	00000000 device_get_ivars
00000000         *UND*	00000000 init_timer
00000000         *UND*	00000000 device_get_nameunit
00000000         *UND*	00000000 current_thread
00000000         *UND*	00000000 map_physical_memory_nocache
00000000         *UND*	00000000 thread_wakeup
00000000         *UND*	00000000 driver_module_handler
00000000         *UND*	00000000 thread_wait
00000000         *UND*	00000000 device_delete_child
00000000         *UND*	00000000 kernel_driver_register
00000000         *UND*	00000000 device_get_unit
00000000         *UND*	00000000 disable
00000000         *UND*	00000000 get_unix_time
00000000         *UND*	00000000 bus_generic_shutdown
00000000         *UND*	00000000 strncpy
00000000         *UND*	00000000 panic
00000000         *UND*	00000000 printk
00000000         *UND*	00000000 startup_ticks
00000000         *UND*	00000000 memset
00000000         *UND*	00000000 device_add_child
00000000         *UND*	00000000 device_is_attached
00000000         *UND*	00000000 device_set_desc_copy
00000000         *UND*	00000000 devclass_get_maxunit
00000000         *UND*	00000000 busman_get
00000000         *UND*	00000000 device_quiet
00000000         *UND*	00000000 sprintf
00000000         *UND*	00000000 bus_generic_suspend
00000000         *UND*	00000000 bus_generic_attach
00000000         *UND*	00000000 device_set_ivars
00000000         *UND*	00000000 install_timer
00000000         *UND*	00000000 kprintf
00000000         *UND*	00000000 thread_waitq_init
00000000         *UND*	00000000 devclass_get_device
00000000         *UND*	00000000 device_detach
00000000         *UND*	00000000 kmalloc
00000000         *UND*	00000000 thread_sleep_on
00000000         *UND*	00000000 device_probe_and_attach
00000000         *UND*	00000000 bus_generic_resume
