
lwip:     file format elf32-i386
lwip

RELOCATION RECORDS FOR [.text]:
OFFSET   TYPE              VALUE 
00000031 R_386_PC32        etharp_query
0000007d R_386_PC32        htonl
000000a7 R_386_32          .rodata.str1.32
0000015d R_386_PC32        ntohl
0000017c R_386_PC32        ntohl
000001d9 R_386_PC32        pbuf_realloc
000001e3 R_386_32          ip_addr_any
000001eb R_386_PC32        udp_bind
000001f5 R_386_32          ip_addr_broadcast
000001fd R_386_PC32        udp_connect
0000020a R_386_PC32        udp_send
00000214 R_386_32          ip_addr_any
0000021c R_386_PC32        udp_connect
00000243 R_386_32          netif_list
0000029f R_386_32          netif_list
00000325 R_386_PC32        dhcp_release
0000048f R_386_PC32        htonl
000004bb R_386_PC32        htonl
000004e7 R_386_PC32        htonl
00000561 R_386_PC32        htonl
0000056d R_386_PC32        inetntoa
00000577 R_386_32          .rodata.str1.1
0000057c R_386_PC32        kprintf
000005dc R_386_PC32        udp_new
0000060a R_386_PC32        dhcp_stop
0000061a R_386_PC32        kfree
00000630 R_386_PC32        kmalloc
0000064b R_386_32          .rodata.str1.1
00000650 R_386_PC32        panic
0000066d R_386_PC32        kmalloc
0000068a R_386_PC32        udp_new
000006c7 R_386_PC32        kfree
000006e5 R_386_PC32        udp_remove
00000738 R_386_PC32        pbuf_realloc
00000742 R_386_32          ip_addr_any
0000074a R_386_PC32        udp_bind
00000754 R_386_32          ip_addr_broadcast
0000075c R_386_PC32        udp_connect
00000769 R_386_PC32        udp_send
00000773 R_386_32          ip_addr_any
0000077b R_386_PC32        udp_connect
000007a0 R_386_32          ip_addr_any
000007aa R_386_32          ip_addr_any
0000088b R_386_PC32        pbuf_realloc
00000894 R_386_32          .text
0000089c R_386_PC32        udp_recv
000008a6 R_386_32          ip_addr_any
000008ae R_386_PC32        udp_bind
000008b8 R_386_32          ip_addr_any
000008c0 R_386_PC32        udp_connect
000008ca R_386_32          ip_addr_broadcast
000008d5 R_386_PC32        udp_sendto
00000989 R_386_PC32        netif_set_ipaddr
00000995 R_386_PC32        netif_set_netmask
000009a1 R_386_PC32        netif_set_gw
000009a9 R_386_PC32        netif_set_up
000009cf R_386_PC32        htonl
000009e2 R_386_PC32        ntohl
000009f9 R_386_PC32        htonl
00000a24 R_386_32          .rodata.str1.1
00000a29 R_386_PC32        panic
00000a39 R_386_32          .rodata.str1.1
00000a3e R_386_PC32        panic
00000b06 R_386_PC32        pbuf_realloc
00000b10 R_386_32          ip_addr_any
00000b18 R_386_PC32        udp_bind
00000b29 R_386_PC32        udp_connect
00000b36 R_386_PC32        udp_send
00000c06 R_386_PC32        pbuf_realloc
00000c10 R_386_32          ip_addr_any
00000c18 R_386_PC32        udp_bind
00000c22 R_386_32          ip_addr_any
00000c2a R_386_PC32        udp_connect
00000c31 R_386_32          ip_addr_broadcast
00000c3c R_386_PC32        udp_sendto
00000cfb R_386_PC32        netif_set_down
00000d02 R_386_32          ip_addr_any
00000d08 R_386_PC32        netif_set_ipaddr
00000d0f R_386_32          ip_addr_any
00000d15 R_386_PC32        netif_set_gw
00000d1c R_386_32          ip_addr_any
00000d22 R_386_PC32        netif_set_netmask
00000d64 R_386_PC32        pbuf_realloc
00000d6e R_386_32          ip_addr_any
00000d76 R_386_PC32        udp_bind
00000d87 R_386_PC32        udp_connect
00000d94 R_386_PC32        udp_send
00000dd6 R_386_PC32        kfree
00000df1 R_386_PC32        pbuf_free
00000e09 R_386_PC32        udp_remove
00000e1d R_386_32          .rodata.str1.1
00000e22 R_386_PC32        panic
00000ea8 R_386_32          .rodata.str1.32
00000ead R_386_PC32        panic
00000ef0 R_386_32          .rodata.str1.32
00000ef5 R_386_PC32        panic
00000f60 R_386_32          .rodata.str1.32
00000f65 R_386_PC32        panic
00001004 R_386_32          .rodata.str1.32
00001009 R_386_PC32        panic
00001066 R_386_PC32        kmalloc
00001087 R_386_PC32        kmalloc
00001109 R_386_PC32        kfree
00001122 R_386_32          .rodata.str1.1
00001127 R_386_PC32        panic
00001155 R_386_PC32        kfree
00001171 R_386_PC32        kfree
000011a6 R_386_PC32        pbuf_free
000011e2 R_386_PC32        ntohl
000012d8 R_386_PC32        pbuf_alloc
000012f2 R_386_32          .data
000012fb R_386_32          .data
00001327 R_386_PC32        htonl
000013c0 R_386_PC32        htonl
000013f8 R_386_32          .rodata.str1.32
000013fd R_386_PC32        panic
0000140d R_386_32          .rodata.str1.32
00001412 R_386_PC32        panic
00001440 R_386_PC32        pbuf_free
0000145c R_386_32          .rodata.str1.32
00001461 R_386_PC32        panic
00001470 R_386_32          .rodata.str1.32
00001475 R_386_PC32        panic
000014f0 R_386_32          .rodata.str1.32
000014f5 R_386_PC32        panic
0000150c R_386_32          .rodata.str1.32
00001511 R_386_PC32        panic
00001525 R_386_32          .rodata.str1.32
0000152a R_386_PC32        panic
000000b2 R_386_PC32        kprintf
00000340 R_386_PC32        dhcp_renew
00000399 R_386_PC32        dhcp_renew
00000546 R_386_PC32        set_dns_addr
000006a0 R_386_PC32        kfree
00001675 R_386_32          .bss
00001698 R_386_PC32        ntohs
0000169e R_386_32          .bss
0000175b R_386_PC32        pbuf_header
00001772 R_386_PC32        pbuf_alloc
0000178a R_386_PC32        pbuf_chain
00001793 R_386_PC32        ip_route
000017c2 R_386_PC32        ip_output_if
000017d4 R_386_PC32        pbuf_free
000017f5 R_386_PC32        pbuf_free
0000180d R_386_PC32        pbuf_header
0000182a R_386_PC32        raw_sendto
0000183e R_386_32          .bss
00001864 R_386_PC32        memp_free
00001876 R_386_32          .bss
0000188a R_386_PC32        memp_malloc
000018a8 R_386_32          .bss
000018b5 R_386_32          .bss
000018ce R_386_32          lwip_stats
000018d9 R_386_32          lwip_stats
000018de R_386_32          lwip_stats
000018e3 R_386_32          lwip_stats
000018f0 R_386_32          .rodata
00001927 R_386_32          .bss
0000193e R_386_32          .rodata
00001948 R_386_32          .bss
00001956 R_386_32          .rodata
00001960 R_386_32          .bss
0000196c R_386_32          .bss
00001988 R_386_PC32        sys_sem_new
0000198d R_386_32          .bss
000019b2 R_386_32          .bss
000019b7 R_386_PC32        sys_sem_wait
000019be R_386_32          .bss
000019ce R_386_32          .bss
000019d3 R_386_32          lwip_stats
000019e9 R_386_32          lwip_stats
00001a12 R_386_32          .bss
00001a17 R_386_PC32        sys_sem_signal
00001a28 R_386_32          .rodata.str1.32
00001a2d R_386_PC32        panic
00001a3c R_386_32          lwip_stats
00001a48 R_386_32          .rodata.str1.1
00001a4d R_386_PC32        panic
00001a74 R_386_32          .bss
00001a79 R_386_PC32        sys_sem_wait
00001a80 R_386_32          .bss
00001a8b R_386_32          .bss
00001a93 R_386_32          lwip_stats
00001a9a R_386_32          .bss
00001aac R_386_PC32        sys_sem_signal
00001acc R_386_32          .bss
00001b02 R_386_32          .bss
00001b07 R_386_PC32        netif_set_addr
00001b1b R_386_32          netif_list
00001b23 R_386_32          netif_list
00001b47 R_386_PC32        netif_set_ipaddr
00001b50 R_386_PC32        netif_set_netmask
00001b77 R_386_32          netif_list
00001ba0 R_386_32          netif_default
00001bb0 R_386_32          netif_default
00001bb9 R_386_32          netif_list
00001bd2 R_386_32          netif_list
00001c1d R_386_32          tcp_active_pcbs
00001c3c R_386_32          tcp_listen_pcbs
00001c70 R_386_PC32        tcp_abort
00001cb3 R_386_32          netif_default
00001ced R_386_32          netif_default
00001cf7 R_386_32          netif_list
00001b65 R_386_PC32        netif_set_gw
00001d0a R_386_32          .bss
00001d12 R_386_32          .bss
00001d19 R_386_32          lwip_stats
00001d77 R_386_32          .bss
00001d7e R_386_32          .bss
00001d84 R_386_PC32        sys_sem_new
00001d89 R_386_32          .bss
00001d95 R_386_32          .bss
00001da4 R_386_32          .bss
00001daa R_386_32          .bss
00001db4 R_386_32          .bss
00001dbf R_386_32          .bss
00001dc7 R_386_32          .bss
00001dd0 R_386_32          lwip_stats
00001dd8 R_386_32          lwip_stats
00001dde R_386_32          lwip_stats
00001de6 R_386_32          lwip_stats
00001df3 R_386_32          lwip_stats
00001dfc R_386_32          lwip_stats
00001e65 R_386_PC32        kmalloc
00001ea8 R_386_PC32        memp_malloc
00001f98 R_386_32          .rodata.str1.32
00001f9d R_386_PC32        panic
00001fad R_386_32          lwip_stats
00001fb2 R_386_PC32        pbuf_free
00001fc0 R_386_32          lwip_stats
00001fcc R_386_32          .rodata.str1.1
00001fd1 R_386_PC32        panic
00001fde R_386_32          .rodata.str1.1
0000201b R_386_32          .rodata.str1.1
00002020 R_386_PC32        panic
00002073 R_386_PC32        krelloc
0000209d R_386_PC32        pbuf_free
00002146 R_386_32          .rodata.str1.1
0000214b R_386_PC32        panic
00002186 R_386_32          .rodata.str1.1
0000218b R_386_PC32        panic
000021d4 R_386_PC32        kfree
000021f7 R_386_PC32        memp_free
00002214 R_386_32          .bss
00002219 R_386_PC32        sys_sem_wait
0000221e R_386_32          .bss
00002227 R_386_32          .bss
0000222d R_386_32          .bss
00002234 R_386_32          lwip_stats
00002239 R_386_PC32        sys_sem_signal
00002248 R_386_32          .rodata.str1.1
0000224d R_386_PC32        panic
00002261 R_386_32          .rodata.str1.1
00002266 R_386_PC32        panic
000022e0 R_386_32          .rodata.str1.32
000022e5 R_386_PC32        panic
00002307 R_386_32          .rodata.str1.1
0000230c R_386_PC32        panic
00002319 R_386_32          .rodata.str1.32
0000231e R_386_PC32        panic
0000232b R_386_32          .rodata.str1.32
00002330 R_386_PC32        panic
0000234b R_386_PC32        pbuf_cat
000023b3 R_386_32          .rodata.str1.32
000023b8 R_386_PC32        panic
000023c5 R_386_32          .rodata.str1.32
000023ca R_386_PC32        panic
000023d7 R_386_32          .rodata.str1.32
000023dc R_386_PC32        panic
00002434 R_386_32          .rodata.str1.1
00002439 R_386_PC32        panic
00002448 R_386_32          .rodata.str1.1
0000244d R_386_PC32        panic
0000245a R_386_32          .rodata.str1.1
0000245f R_386_PC32        panic
000024b9 R_386_PC32        pbuf_alloc
000024dc R_386_32          .rodata.str1.1
000024e1 R_386_PC32        panic
000024f7 R_386_PC32        memcpy
0000250f R_386_PC32        pbuf_free
00002529 R_386_PC32        pbuf_free
00002542 R_386_PC32        pbuf_alloc
0000255c R_386_32          .rodata.str1.1
00002561 R_386_PC32        panic
000025a0 R_386_32          .rodata.str1.32
000025a5 R_386_PC32        panic
000025d0 R_386_PC32        pbuf_free
000025ea R_386_32          .rodata.str1.1
000025ef R_386_PC32        panic
0000235a R_386_PC32        pbuf_ref
00002395 R_386_PC32        pbuf_ref
0000261a R_386_32          lwip_stats
0000261f R_386_PC32        memset
00002635 R_386_PC32        sys_arch_timeouts
00002667 R_386_PC32        memp_free
000026a3 R_386_PC32        sys_arch_mbox_fetch
000026b6 R_386_PC32        sys_arch_mbox_fetch
000026cd R_386_PC32        sys_arch_timeouts
000026ff R_386_PC32        memp_free
0000273a R_386_PC32        sys_arch_sem_wait
0000274c R_386_PC32        sys_arch_sem_wait
00002760 R_386_PC32        memp_malloc
00002786 R_386_PC32        sys_arch_timeouts
000027dd R_386_32          .rodata.str1.1
000027e2 R_386_PC32        panic
000027fc R_386_PC32        sys_arch_timeouts
00002870 R_386_PC32        sys_sem_signal
00002887 R_386_32          .rodata.str1.1
0000288c R_386_PC32        kprintf
000028bc R_386_PC32        sys_sem_wait
000028c3 R_386_32          .rodata.str1.32
000028c8 R_386_PC32        kprintf
000028da R_386_32          .rodata.str1.1
000028df R_386_PC32        kprintf
000028f1 R_386_32          .text
000028f6 R_386_PC32        sys_untimeout
00002907 R_386_32          .text
0000290d R_386_PC32        sys_timeout
00002914 R_386_32          .rodata.str1.1
00002919 R_386_PC32        kprintf
00002932 R_386_PC32        sys_sem_new
0000293d R_386_PC32        sys_sem_wait_timeout
00002849 R_386_PC32        memp_free
0000294e R_386_PC32        sys_sem_free
00002959 R_386_32          tcp_listen_pcbs
00002963 R_386_32          tcp_active_pcbs
0000296d R_386_32          tcp_tw_pcbs
00002977 R_386_32          tcp_tmp_pcb
00002981 R_386_32          tcp_ticks
0000298b R_386_32          .bss
0000299b R_386_PC32        tcp_fasttmr
000029a0 R_386_32          .bss
000029a8 R_386_32          .bss
000029cf R_386_32          .rodata
000029dc R_386_PC32        memp_free
000029f4 R_386_32          tcp_listen_pcbs
000029f9 R_386_PC32        tcp_pcb_remove
00002a0b R_386_32          tcp_active_pcbs
00002a10 R_386_PC32        tcp_pcb_remove
00002a23 R_386_PC32        tcp_send_ctrl
00002a47 R_386_PC32        tcp_output
00002a5d R_386_PC32        tcp_send_ctrl
00002ac8 R_386_32          tcp_active_pcbs
00002ad0 R_386_PC32        tcp_pcb_remove
00002af3 R_386_PC32        memp_free
00002b26 R_386_PC32        tcp_rst
00002b3d R_386_PC32        tcp_segs_free
00002b4d R_386_PC32        tcp_segs_free
00002b5d R_386_PC32        tcp_segs_free
00002b71 R_386_32          tcp_tw_pcbs
00002b76 R_386_PC32        tcp_pcb_remove
00002b80 R_386_PC32        memp_free
00002ba9 R_386_32          tcp_listen_pcbs
00002bc3 R_386_32          tcp_active_pcbs
00002c5c R_386_PC32        memp_malloc
00002ca8 R_386_PC32        memp_free
00002cad R_386_32          tcp_listen_pcbs
00002cb7 R_386_32          .text
00002cbd R_386_32          tcp_listen_pcbs
00002cc2 R_386_PC32        tcp_timer_needed
00002d4b R_386_32          .data
00002d51 R_386_32          tcp_active_pcbs
00002d57 R_386_32          tcp_tw_pcbs
00002d5d R_386_32          tcp_listen_pcbs
00002d67 R_386_32          .data
00002db8 R_386_32          .data
00002df3 R_386_PC32        tcp_next_iss
00002e0b R_386_32          tcp_active_pcbs
00002e41 R_386_32          tcp_active_pcbs
00002e46 R_386_PC32        tcp_timer_needed
00002e58 R_386_PC32        htonl
00002e72 R_386_PC32        tcp_enqueue
00002e91 R_386_PC32        tcp_output
00002eb7 R_386_32          tcp_ticks
00002ebd R_386_32          tcp_active_pcbs
00002f38 R_386_32          tcp_backoff
00002f70 R_386_PC32        tcp_rexmit_rto
00002fad R_386_32          tcp_ticks
00003018 R_386_32          tcp_tw_pcbs
00003032 R_386_32          .rodata.str1.32
00003037 R_386_PC32        panic
0000303f R_386_32          tcp_ticks
00003065 R_386_PC32        tcp_pcb_purge
00003075 R_386_32          tcp_tw_pcbs
0000308e R_386_PC32        memp_free
0000309d R_386_32          .rodata.str1.32
000030a2 R_386_PC32        panic
000030ad R_386_32          tcp_tw_pcbs
000030b7 R_386_32          .rodata.str1.32
000030bc R_386_PC32        panic
000030c7 R_386_32          tcp_tw_pcbs
000030d5 R_386_PC32        tcp_output
000030fd R_386_PC32        tcp_pcb_purge
0000310d R_386_32          tcp_active_pcbs
00003130 R_386_PC32        memp_free
00003151 R_386_32          .rodata.str1.32
00003156 R_386_PC32        panic
00003161 R_386_32          tcp_active_pcbs
0000316b R_386_32          .rodata.str1.32
00003170 R_386_PC32        panic
0000317b R_386_32          tcp_active_pcbs
00003185 R_386_32          tcp_ticks
000031a1 R_386_32          tcp_ticks
000031bd R_386_PC32        tcp_segs_free
000031ec R_386_32          tcp_ticks
00003231 R_386_PC32        tcp_keepalive
00003248 R_386_PC32        tcp_abort
00003251 R_386_32          tcp_ticks
00003288 R_386_32          .rodata.str1.32
0000328d R_386_PC32        panic
000032a0 R_386_32          .rodata.str1.32
000032a5 R_386_PC32        panic
000032b8 R_386_32          .rodata.str1.32
000032bd R_386_PC32        panic
000032d3 R_386_32          tcp_active_pcbs
000032fb R_386_PC32        tcp_output
0000331f R_386_PC32        tcp_seg_free
00003358 R_386_PC32        memp_free
00003371 R_386_PC32        pbuf_free
0000339b R_386_PC32        memp_malloc
000033bb R_386_PC32        pbuf_ref
000033e1 R_386_PC32        pbuf_free
000033f7 R_386_PC32        tcp_close
0000340a R_386_32          tcp_active_pcbs
00003424 R_386_32          tcp_ticks
00003470 R_386_32          tcp_tw_pcbs
00003480 R_386_32          tcp_ticks
000034a1 R_386_PC32        tcp_abort
000034bf R_386_PC32        memp_malloc
0000351d R_386_PC32        tcp_next_iss
00003531 R_386_32          tcp_ticks
00003542 R_386_32          .text
0000356b R_386_PC32        memp_malloc
00003592 R_386_PC32        memp_malloc
000035b1 R_386_PC32        tcp_alloc
0000364a R_386_PC32        tcp_segs_free
0000365a R_386_PC32        tcp_segs_free
00003663 R_386_PC32        tcp_segs_free
00003696 R_386_32          tcp_tmp_pcb
000036ac R_386_32          tcp_tmp_pcb
000036be R_386_PC32        tcp_pcb_purge
000036ee R_386_PC32        tcp_output
0000370a R_386_32          tcp_ticks
00003710 R_386_32          .data
00003717 R_386_32          .data
000029b2 R_386_PC32        tcp_slowtmr
00002d24 R_386_PC32        tcp_output
0000345e R_386_PC32        tcp_abort
0000372f R_386_32          lwip_stats
00003737 R_386_32          .bss
00003743 R_386_PC32        ntohs
00003751 R_386_32          .bss
00003756 R_386_32          .bss
00003761 R_386_PC32        ntohs
00003773 R_386_PC32        pbuf_header
00003788 R_386_32          lwip_stats
0000378f R_386_32          lwip_stats
000037a7 R_386_32          .bss
000037b0 R_386_PC32        ip_addr_isbroadcast
000037c0 R_386_32          .bss
000037ca R_386_PC32        ntohl
000037db R_386_PC32        ntohl
000037f1 R_386_32          .bss
000037ff R_386_PC32        inet_chksum_pseudo
0000380e R_386_32          lwip_stats
00003818 R_386_32          .bss
00003825 R_386_PC32        ntohs
0000383b R_386_PC32        pbuf_header
00003841 R_386_32          .bss
0000384c R_386_PC32        ntohs
00003855 R_386_32          .bss
00003861 R_386_PC32        ntohs
0000386c R_386_32          .bss
00003874 R_386_PC32        ntohl
0000387c R_386_32          .bss
00003883 R_386_32          .bss
0000388b R_386_PC32        ntohl
00003894 R_386_32          .bss
00003899 R_386_32          .bss
000038a5 R_386_PC32        ntohs
000038ae R_386_32          .bss
000038ba R_386_PC32        ntohs
000038c2 R_386_32          .bss
000038d4 R_386_32          tcp_active_pcbs
000038dd R_386_32          .bss
00003907 R_386_32          .bss
00003924 R_386_32          tcp_tw_pcbs
0000393a R_386_32          .rodata.str1.32
0000393f R_386_PC32        panic
00003948 R_386_32          .bss
00003962 R_386_32          tcp_listen_pcbs
0000397c R_386_32          .bss
000039a4 R_386_32          .bss
000039ad R_386_32          .bss
000039b6 R_386_32          .bss
000039bc R_386_32          .bss
000039c2 R_386_32          .bss
000039c8 R_386_32          .bss
000039d2 R_386_32          .bss
000039d9 R_386_32          tcp_input_pcb
000039ea R_386_32          tcp_input_pcb
000039f7 R_386_32          .bss
00003a0e R_386_32          tcp_active_pcbs
00003a13 R_386_PC32        tcp_pcb_remove
00003a1d R_386_PC32        memp_free
00003a25 R_386_32          .bss
00003a3a R_386_PC32        pbuf_free
00003a43 R_386_32          .bss
00003a76 R_386_32          .bss
00003a98 R_386_32          .bss
00003ab6 R_386_PC32        tcp_output
00003ad5 R_386_PC32        pbuf_free
00003af6 R_386_PC32        ntohs
00003b07 R_386_32          .bss
00003b0e R_386_32          lwip_stats
00003b15 R_386_32          lwip_stats
00003b26 R_386_32          .bss
00003b35 R_386_32          .bss
00003b3b R_386_32          .bss
00003b42 R_386_32          .bss
00003b47 R_386_PC32        tcp_rst
00003b73 R_386_32          tcp_listen_pcbs
00003b7c R_386_32          tcp_listen_pcbs
00003ba4 R_386_32          .bss
00003bce R_386_32          .bss
00003be8 R_386_32          .bss
00003c18 R_386_32          tcp_active_pcbs
00003c21 R_386_32          tcp_active_pcbs
00003c33 R_386_32          .bss
00003c40 R_386_32          .rodata.str1.32
00003c45 R_386_PC32        panic
00003c52 R_386_32          .rodata.str1.32
00003c57 R_386_PC32        panic
00003c68 R_386_32          .rodata.str1.32
00003c6d R_386_PC32        panic
00003c7d R_386_32          .rodata.str1.32
00003c82 R_386_PC32        panic
00003c95 R_386_32          .rodata.str1.32
00003c9a R_386_PC32        panic
00003cb7 R_386_32          .bss
00003cdd R_386_PC32        tcp_alloc
00003cf0 R_386_32          .bss
00003d14 R_386_32          .bss
00003d1a R_386_32          .bss
00003d5b R_386_32          tcp_active_pcbs
00003d6e R_386_32          tcp_active_pcbs
00003d73 R_386_PC32        tcp_timer_needed
00003d8d R_386_PC32        htonl
00003da7 R_386_PC32        tcp_enqueue
00003db0 R_386_PC32        tcp_output
00003dbf R_386_32          lwip_stats
00003dd2 R_386_32          .bss
00003de3 R_386_32          .bss
00003df2 R_386_32          .bss
00003df8 R_386_32          .bss
00003dfe R_386_32          .bss
00003e05 R_386_PC32        tcp_rst
00003e1c R_386_32          .bss
00003e25 R_386_32          .bss
00003e42 R_386_PC32        tcp_output
00003e59 R_386_PC32        tcp_output
00003e69 R_386_32          .bss
00003e7f R_386_32          .bss
00003eaa R_386_32          .bss
00003ebe R_386_32          .rodata.str1.32
00003ec3 R_386_PC32        panic
00003ed1 R_386_32          .bss
00003edd R_386_32          tcp_ticks
00003ef6 R_386_32          .rodata
00003efc R_386_32          .bss
00003f11 R_386_32          .bss
00003f22 R_386_32          .bss
00003f31 R_386_32          .bss
00003f37 R_386_32          .bss
00003f3e R_386_32          .bss
00003f43 R_386_PC32        tcp_rst
00003f5c R_386_PC32        ntohl
00003f63 R_386_32          .bss
00003f70 R_386_32          .bss
00003f78 R_386_32          .bss
00003f87 R_386_32          .bss
00003fb8 R_386_PC32        tcp_seg_free
00003ff1 R_386_PC32        tcp_output
0000400f R_386_32          .bss
00004021 R_386_32          .bss
00004051 R_386_32          .rodata.str1.1
00004056 R_386_PC32        panic
00004092 R_386_PC32        tcp_abort
000040ac R_386_32          .bss
000040c4 R_386_32          .bss
000040d3 R_386_PC32        tcp_output
000040ec R_386_PC32        tcp_output
000040f4 R_386_PC32        tcp_pcb_purge
000040f9 R_386_32          tcp_active_pcbs
00004109 R_386_32          tcp_tmp_pcb
0000411f R_386_32          tcp_tmp_pcb
00004126 R_386_32          tcp_tw_pcbs
0000413d R_386_32          tcp_tw_pcbs
00004142 R_386_PC32        tcp_timer_needed
00004157 R_386_32          tcp_active_pcbs
0000416a R_386_32          .bss
0000418e R_386_32          .bss
000041a2 R_386_PC32        tcp_output
000041aa R_386_PC32        tcp_pcb_purge
000041af R_386_32          tcp_active_pcbs
000041bf R_386_32          tcp_tmp_pcb
000041dd R_386_32          tcp_tmp_pcb
000041f6 R_386_32          .bss
00004212 R_386_PC32        tcp_output
00004230 R_386_32          .bss
00004240 R_386_32          .bss
00004253 R_386_PC32        tcp_output
0000425b R_386_PC32        tcp_pcb_purge
00004260 R_386_32          tcp_active_pcbs
00004274 R_386_32          tcp_tmp_pcb
00004292 R_386_32          tcp_tmp_pcb
000042ae R_386_32          .bss
000042be R_386_32          .bss
000042d1 R_386_32          .bss
000042e7 R_386_32          .bss
000042fe R_386_32          .bss
0000431d R_386_32          .bss
0000435d R_386_PC32        ntohl
0000437c R_386_PC32        ntohs
0000439d R_386_32          .bss
000043bb R_386_PC32        pbuf_clen
000043c6 R_386_PC32        tcp_seg_free
000043ee R_386_PC32        htonl
00004401 R_386_32          .rodata.str1.32
00004406 R_386_PC32        panic
00004420 R_386_32          .bss
00004432 R_386_32          .bss
00004444 R_386_32          .bss
000044ab R_386_PC32        tcp_output
000044cf R_386_PC32        tcp_output
000044ec R_386_32          .bss
00004549 R_386_32          .bss
0000454e R_386_PC32        tcp_seg_copy
0000456b R_386_32          .bss
00004579 R_386_32          .bss
00004590 R_386_PC32        pbuf_realloc
0000459c R_386_32          .bss
000045b3 R_386_32          .bss
000045bc R_386_32          .bss
000045c6 R_386_32          .bss
000045cb R_386_PC32        pbuf_realloc
000045d6 R_386_32          .bss
000045db R_386_PC32        tcp_seg_copy
00004603 R_386_32          .bss
0000461a R_386_32          .bss
00004623 R_386_32          .bss
0000462d R_386_32          .bss
00004632 R_386_PC32        pbuf_realloc
0000463d R_386_32          .bss
00004642 R_386_PC32        tcp_seg_copy
00004664 R_386_32          .bss
00004672 R_386_32          .bss
00004677 R_386_PC32        tcp_seg_copy
000046a4 R_386_32          .bss
000046a9 R_386_PC32        tcp_seg_copy
000046c6 R_386_32          .bss
000046db R_386_32          .bss
000046e8 R_386_PC32        ntohs
00004704 R_386_32          .bss
00004710 R_386_32          .bss
00004723 R_386_32          .bss
00004737 R_386_32          .bss
00004743 R_386_32          .bss
00004749 R_386_32          .bss
00004752 R_386_32          .bss
0000475f R_386_PC32        ntohs
0000476c R_386_32          .bss
000047b7 R_386_32          .bss
000047c3 R_386_PC32        ntohs
00004800 R_386_PC32        ntohs
00004837 R_386_32          .bss
00004840 R_386_32          .bss
00004857 R_386_PC32        ntohs
00004864 R_386_32          .bss
00004879 R_386_PC32        tcp_seg_free
000048b0 R_386_PC32        pbuf_cat
000048c5 R_386_PC32        ntohs
000048f4 R_386_PC32        ntohs
0000490d R_386_PC32        ntohs
0000492d R_386_PC32        ntohs
0000494e R_386_32          .bss
0000495b R_386_PC32        ntohs
00004976 R_386_32          .bss
0000497f R_386_32          .bss
00004989 R_386_32          .bss
0000498e R_386_PC32        pbuf_realloc
000049a5 R_386_PC32        tcp_output
000049ae R_386_32          .bss
000049bc R_386_32          .bss
00004a04 R_386_PC32        pbuf_header
00004a0c R_386_32          .bss
00004a17 R_386_32          .bss
00004a21 R_386_32          .bss
00004a29 R_386_32          .bss
00004a2f R_386_32          .bss
00004a4b R_386_32          .rodata.str1.1
00004a50 R_386_PC32        panic
00004a59 R_386_32          .bss
00004a66 R_386_32          .bss
00004a89 R_386_32          tcp_ticks
00004ae7 R_386_PC32        ntohs
00004b26 R_386_32          .bss
00004b3f R_386_32          .bss
00004b7a R_386_PC32        ntohl
00004b99 R_386_PC32        ntohs
00004bb6 R_386_32          .bss
00004bcd R_386_PC32        pbuf_clen
00004bd8 R_386_PC32        tcp_seg_free
00004bfb R_386_32          .rodata.str1.32
00004c00 R_386_PC32        panic
00004c24 R_386_PC32        ntohs
00004ca4 R_386_PC32        tcp_rexmit
00004ce2 R_386_32          .bss
00004cfa R_386_32          .bss
00004d02 R_386_32          .bss
00004d15 R_386_32          .bss
00004d23 R_386_32          .bss
00004d36 R_386_32          .bss
00004d43 R_386_PC32        ntohs
00004d66 R_386_32          .bss
00004d73 R_386_PC32        ntohs
0000379e R_386_PC32        pbuf_free
00004df9 R_386_PC32        tcp_enqueue
00004e50 R_386_PC32        tcp_enqueue
00004e9f R_386_32          .rodata.str1.32
00004ea4 R_386_PC32        panic
00004f2e R_386_PC32        memp_malloc
00004f80 R_386_PC32        pbuf_alloc
00004fb6 R_386_PC32        pbuf_header
00004fda R_386_PC32        htons
00004fef R_386_PC32        htons
00004fff R_386_PC32        htonl
00005017 R_386_PC32        ntohs
0000502c R_386_PC32        htons
00005054 R_386_PC32        ntohs
0000506d R_386_PC32        htons
00005084 R_386_PC32        memcpy
000050ec R_386_PC32        ntohs
0000517f R_386_PC32        ntohs
0000518d R_386_PC32        htons
0000519e R_386_32          .rodata.str1.32
000051a3 R_386_PC32        panic
000051c9 R_386_PC32        ntohs
0000520d R_386_PC32        pbuf_header
00005220 R_386_PC32        pbuf_cat
00005246 R_386_PC32        memp_free
00005261 R_386_PC32        ntohs
00005284 R_386_PC32        ntohs
00005294 R_386_PC32        htons
000052a4 R_386_32          lwip_stats
000052ae R_386_32          lwip_stats
000052bd R_386_PC32        tcp_segs_free
000052e9 R_386_32          .rodata.str1.32
000052ee R_386_PC32        panic
00005309 R_386_PC32        pbuf_alloc
0000532a R_386_PC32        memcpy
00005347 R_386_PC32        pbuf_alloc
0000536c R_386_PC32        pbuf_alloc
00005385 R_386_PC32        pbuf_cat
00005396 R_386_PC32        pbuf_free
000053a8 R_386_32          .rodata.str1.1
000053ad R_386_PC32        panic
000053c8 R_386_32          .rodata.str1.32
000053cd R_386_PC32        panic
000053f2 R_386_32          .rodata.str1.32
000053fb R_386_32          lwip_stats
00005408 R_386_32          .rodata.str1.32
0000540d R_386_PC32        panic
0000542a R_386_32          tcp_input_pcb
0000547d R_386_PC32        ntohl
0000549e R_386_PC32        pbuf_alloc
000054cb R_386_PC32        htons
000054da R_386_PC32        htons
000054e7 R_386_PC32        htonl
000054f3 R_386_PC32        htonl
00005502 R_386_PC32        ntohs
00005512 R_386_PC32        htons
00005522 R_386_PC32        htons
00005538 R_386_PC32        ntohs
00005548 R_386_PC32        htons
00005569 R_386_PC32        inet_chksum_pseudo
00005586 R_386_PC32        ip_output
00005591 R_386_PC32        pbuf_free
000055b2 R_386_PC32        ntohl
000055de R_386_PC32        ntohs
000055ec R_386_PC32        htons
0000560d R_386_PC32        ntohl
0000562a R_386_PC32        ntohs
0000566c R_386_PC32        ntohs
000056ae R_386_PC32        ntohl
000056bf R_386_PC32        ntohl
000056e0 R_386_PC32        tcp_seg_free
000056f8 R_386_PC32        ntohs
00005720 R_386_PC32        ntohs
0000574a R_386_PC32        htonl
00005784 R_386_PC32        ip_route
000057d8 R_386_PC32        inet_chksum_pseudo
000057e8 R_386_32          lwip_stats
000057ff R_386_PC32        ip_output
0000580d R_386_32          tcp_ticks
00005821 R_386_PC32        ntohl
00005846 R_386_PC32        htons
0000588a R_386_PC32        pbuf_alloc
000058a6 R_386_PC32        htons
000058b5 R_386_PC32        htons
000058c2 R_386_PC32        htonl
000058ce R_386_PC32        htonl
000058dd R_386_PC32        ntohs
000058ed R_386_PC32        htons
000058fd R_386_PC32        htons
00005913 R_386_PC32        ntohs
00005923 R_386_PC32        htons
00005942 R_386_PC32        inet_chksum_pseudo
00005950 R_386_32          lwip_stats
00005965 R_386_PC32        ip_output
000059b7 R_386_PC32        ntohl
00005a1a R_386_PC32        ntohl
00005a4f R_386_PC32        pbuf_alloc
00005a6d R_386_PC32        htons
00005a7c R_386_PC32        htons
00005a8c R_386_PC32        htonl
00005a98 R_386_PC32        htonl
00005aa7 R_386_PC32        htons
00005abd R_386_PC32        ntohs
00005acd R_386_PC32        htons
00005aee R_386_PC32        inet_chksum_pseudo
00005afc R_386_32          lwip_stats
00005b0f R_386_PC32        ip_output
00005977 R_386_PC32        pbuf_free
000059d3 R_386_PC32        tcp_output
00005a36 R_386_PC32        tcp_output
00005b24 R_386_PC32        pbuf_free
00005b35 R_386_32          .bss
00005b3f R_386_32          udp_pcbs
00005b5b R_386_32          lwip_stats
00005b71 R_386_PC32        ntohs
00005b91 R_386_PC32        ntohs
00005ba3 R_386_PC32        pbuf_header
00005bb4 R_386_PC32        ntohs
00005bc7 R_386_PC32        ntohs
00005bd8 R_386_32          udp_pcbs
00005c24 R_386_PC32        ntohs
00005c48 R_386_PC32        pbuf_header
00005c85 R_386_PC32        ip_addr_isbroadcast
00005c93 R_386_32          lwip_stats
00005c9b R_386_32          lwip_stats
00005cb7 R_386_PC32        ntohl
00005cc8 R_386_PC32        ntohl
00005cdd R_386_PC32        icmp_dest_unreach
00005cfc R_386_PC32        inet_chksum_pseudo
00005d0f R_386_32          lwip_stats
00005d21 R_386_PC32        ntohs
00005d86 R_386_PC32        ip_addr_isbroadcast
00005dbf R_386_32          lwip_stats
00005def R_386_PC32        udp_send
00005e21 R_386_PC32        udp_bind
00005e40 R_386_PC32        ip_route
00005e5b R_386_PC32        pbuf_header
00005e79 R_386_PC32        htons
00005e88 R_386_PC32        htons
00005ec3 R_386_PC32        htons
00005edc R_386_PC32        inet_chksum_pseudo
00005f0d R_386_PC32        ip_output_if
00005f20 R_386_PC32        pbuf_free
00005f2a R_386_32          lwip_stats
00005f45 R_386_PC32        htons
00005f72 R_386_PC32        inet_chksum_pseudo
00005f9c R_386_PC32        pbuf_alloc
00005fb6 R_386_PC32        pbuf_chain
00005fc5 R_386_32          lwip_stats
00005fe7 R_386_32          udp_pcbs
00006012 R_386_32          udp_pcbs
00006051 R_386_32          udp_pcbs
0000605a R_386_32          udp_pcbs
00006078 R_386_32          .rodata.str1.1
0000607d R_386_PC32        panic
000060b6 R_386_32          udp_pcbs
000060d4 R_386_32          udp_pcbs
000060e8 R_386_PC32        udp_bind
000060fa R_386_32          ip_addr_any
00006109 R_386_32          ip_addr_any
0000613a R_386_32          udp_pcbs
00006160 R_386_PC32        memp_free
00006172 R_386_32          udp_pcbs
00006182 R_386_PC32        memp_malloc
00005caa R_386_PC32        pbuf_free
000061ba R_386_32          lwip_stats
000061c9 R_386_PC32        ntohs
000061df R_386_PC32        pbuf_header
000061fc R_386_32          lwip_stats
00006203 R_386_32          lwip_stats
00006221 R_386_PC32        ip_addr_isbroadcast
0000622f R_386_32          lwip_stats
0000623e R_386_PC32        ntohl
00006253 R_386_PC32        ntohl
0000626d R_386_PC32        pbuf_free
00006274 R_386_32          lwip_stats
0000628b R_386_PC32        inet_chksum_pbuf
0000629c R_386_PC32        pbuf_free
000062a3 R_386_32          lwip_stats
000062c0 R_386_PC32        ntohs
000062cb R_386_PC32        htons
000062dd R_386_PC32        htons
000062f6 R_386_PC32        htons
0000630e R_386_32          lwip_stats
00006315 R_386_PC32        pbuf_header
0000632c R_386_PC32        ntohs
0000633f R_386_PC32        ip_output_if
00006354 R_386_PC32        htons
0000637a R_386_PC32        pbuf_alloc
00006394 R_386_PC32        ntohs
000063a4 R_386_PC32        htons
000063b2 R_386_PC32        ntohs
000063c1 R_386_PC32        htons
000063ee R_386_PC32        inet_chksum
000063f9 R_386_32          lwip_stats
00006415 R_386_PC32        ip_output
00006446 R_386_PC32        pbuf_alloc
00006460 R_386_PC32        ntohs
00006470 R_386_PC32        htons
0000647e R_386_PC32        ntohs
0000648d R_386_PC32        htons
000064ba R_386_PC32        inet_chksum
000064c5 R_386_32          lwip_stats
000064e1 R_386_PC32        ip_output
00006212 R_386_PC32        pbuf_free
0000642a R_386_PC32        pbuf_free
000064f6 R_386_PC32        pbuf_free
0000650b R_386_32          netif_list
00006534 R_386_32          netif_default
00006554 R_386_PC32        ip_route
00006579 R_386_PC32        ntohs
00006588 R_386_PC32        ntohs
000065a0 R_386_PC32        htons
000065af R_386_PC32        ntohs
000065c8 R_386_PC32        htons
000065de R_386_PC32        htons
000065f1 R_386_32          lwip_stats
000065fe R_386_32          lwip_stats
00006619 R_386_PC32        htons
0000662c R_386_PC32        ntohs
00006640 R_386_PC32        icmp_time_exceeded
0000665b R_386_32          lwip_stats
00006667 R_386_PC32        ntohs
0000667d R_386_PC32        pbuf_free
00006684 R_386_32          lwip_stats
0000668b R_386_32          lwip_stats
000066a4 R_386_PC32        ntohs
000066bd R_386_PC32        pbuf_free
000066c4 R_386_32          lwip_stats
000066d8 R_386_PC32        inet_chksum
000066e9 R_386_PC32        pbuf_free
000066f0 R_386_32          lwip_stats
000066ff R_386_PC32        ntohs
0000670b R_386_PC32        pbuf_realloc
00006711 R_386_32          netif_list
00006721 R_386_PC32        netif_is_up
0000674a R_386_PC32        ip_addr_isbroadcast
0000676b R_386_PC32        ntohs
0000678b R_386_PC32        htons
0000679d R_386_PC32        ip_reass
000067b9 R_386_PC32        raw_input
000067d1 R_386_PC32        ntohs
000067f7 R_386_PC32        ip_addr_isbroadcast
00006807 R_386_PC32        pbuf_free
00006811 R_386_32          lwip_stats
00006823 R_386_PC32        ntohl
00006834 R_386_PC32        ntohl
00006849 R_386_PC32        icmp_dest_unreach
0000685a R_386_PC32        icmp_input
0000687e R_386_PC32        udp_input
0000688c R_386_PC32        tcp_input
0000689d R_386_PC32        ip_addr_isbroadcast
000068ad R_386_PC32        pbuf_free
000068d3 R_386_PC32        ntohs
00006928 R_386_PC32        pbuf_header
00006946 R_386_PC32        ntohs
00006959 R_386_PC32        htons
0000696d R_386_PC32        ntohs
0000697f R_386_PC32        htons
0000699b R_386_PC32        htons
000069ad R_386_PC32        htons
000069bd R_386_PC32        htons
000069c8 R_386_32          .bss
000069d0 R_386_PC32        htons
000069de R_386_32          .bss
00006a10 R_386_PC32        inet_chksum
00006a33 R_386_32          lwip_stats
00006a57 R_386_PC32        ip_frag
00006a60 R_386_32          lwip_stats
00006a90 R_386_PC32        ip_route
00006ab7 R_386_PC32        ip_output_if
00006ac9 R_386_32          lwip_stats
00006501 R_386_PC32        ip_frag_init
00006b44 R_386_PC32        htons
00006c0e R_386_PC32        htons
00006c1f R_386_PC32        htons
00006d16 R_386_PC32        inet_aton
00006e06 R_386_32          .rodata
00006e16 R_386_PC32        htonl
00006eb8 R_386_32          .bss
00006f38 R_386_32          .bss
00006f64 R_386_PC32        htons
00006fa1 R_386_PC32        htonl
00007041 R_386_PC32        memcpy
0000707b R_386_32          .bss
00007081 R_386_32          .bss
00007088 R_386_32          .bss
00007090 R_386_32          .bss
00007097 R_386_PC32        memset
000070a1 R_386_32          .bss
000070ae R_386_32          .bss
000070c0 R_386_32          lwip_stats
000070c9 R_386_32          .bss
000070dc R_386_32          .bss
000070e7 R_386_32          .bss
000070f6 R_386_32          lwip_stats
000070fb R_386_PC32        pbuf_free
00007113 R_386_32          .bss
0000711c R_386_32          lwip_stats
00007129 R_386_PC32        ntohs
00007138 R_386_PC32        ntohs
0000714e R_386_PC32        ntohs
0000717d R_386_32          .bss
0000718f R_386_PC32        ntohs
000071a4 R_386_32          .bss
000071e8 R_386_32          .rodata
000071f1 R_386_32          .bss
0000720c R_386_32          .bss
00007236 R_386_32          .rodata
0000723e R_386_32          .bss
0000724b R_386_PC32        ntohs
0000725c R_386_32          .bss
0000726b R_386_32          .bss
00007272 R_386_32          .bss
00007281 R_386_32          .bss
000072b7 R_386_32          .bss
000072f1 R_386_32          .rodata
000072fc R_386_32          .bss
0000730e R_386_32          .bss
00007317 R_386_PC32        htons
00007320 R_386_32          .bss
00007326 R_386_32          .bss
0000732d R_386_32          .bss
00007336 R_386_32          .bss
0000733d R_386_PC32        inet_chksum
00007347 R_386_32          .bss
0000734d R_386_32          .bss
00007353 R_386_PC32        pbuf_free
0000735f R_386_32          .bss
00007367 R_386_PC32        pbuf_alloc
00007380 R_386_32          .bss
0000739a R_386_32          .bss
000073a1 R_386_PC32        memcpy
000073b9 R_386_32          lwip_stats
000073c8 R_386_32          lwip_stats
000073d2 R_386_32          .rodata.str1.32
000073d7 R_386_PC32        panic
000073e1 R_386_32          .bss
000073ee R_386_32          .rodata.str1.32
000073f3 R_386_PC32        panic
000073fd R_386_32          .bss
00007407 R_386_32          .bss
00007414 R_386_32          .rodata.str1.32
00007419 R_386_PC32        panic
00007429 R_386_32          .rodata.str1.32
0000742e R_386_PC32        panic
00007451 R_386_32          .rodata
0000745c R_386_32          .rodata
00007465 R_386_32          .bss
00007472 R_386_32          .rodata.str1.32
00007477 R_386_PC32        panic
00007487 R_386_32          .bss
00007495 R_386_32          .bss
0000749b R_386_32          .bss
000074a2 R_386_32          .bss
000074a8 R_386_PC32        memset
000074db R_386_PC32        pbuf_alloc
000074f8 R_386_32          .bss
00007531 R_386_PC32        ntohs
000075a4 R_386_PC32        htons
000075f0 R_386_PC32        htons
00007607 R_386_PC32        inet_chksum
00007622 R_386_PC32        pbuf_alloc
00007637 R_386_PC32        pbuf_chain
0000764e R_386_32          lwip_stats
00007656 R_386_PC32        pbuf_free
0000766d R_386_PC32        pbuf_free
00007682 R_386_PC32        pbuf_free
0000769e R_386_PC32        pbuf_realloc
000076ca R_386_PC32        kfree
000076f2 R_386_PC32        pbuf_alloc
00007717 R_386_PC32        memcpy
00007732 R_386_PC32        kmalloc
0000774f R_386_32          .text
00007756 R_386_PC32        sys_timeout
00007775 R_386_32          .text
00007786 R_386_32          .bss
0000778f R_386_32          .bss
00007799 R_386_32          .bss
000077a8 R_386_32          .bss
000077d2 R_386_32          .bss
000077f3 R_386_32          .bss
000077fb R_386_32          .bss
00007803 R_386_32          .bss
0000780b R_386_32          .bss
00007813 R_386_32          .bss
0000781b R_386_32          .bss
00007825 R_386_32          .bss
0000782a R_386_PC32        inetntoa
00007833 R_386_32          .rodata.str1.32
0000783c R_386_PC32        sprintf
00007854 R_386_32          .bss
0000785e R_386_32          .bss
00007865 R_386_32          .bss
0000786c R_386_32          .bss
00007874 R_386_32          .bss
0000787d R_386_32          .bss
0000789e R_386_32          .bss
000078b4 R_386_PC32        pbuf_free
000078ba R_386_32          .bss
000078ca R_386_32          .bss
000078d3 R_386_32          .bss
0000792c R_386_32          .bss
00007975 R_386_32          .bss
00007999 R_386_32          .bss
000079a7 R_386_32          .bss
000079ad R_386_32          .bss
000079c1 R_386_32          .rodata.str1.1
000079c6 R_386_PC32        panic
000079d3 R_386_32          .rodata.str1.1
000079d8 R_386_PC32        panic
00007a0f R_386_32          .bss
00007a14 R_386_PC32        pbuf_free
00007a1a R_386_32          .bss
00007a3e R_386_32          .bss
00007a4c R_386_32          .bss
00007a6a R_386_32          .bss
00007a78 R_386_32          .bss
00007a82 R_386_32          .bss
00007a9e R_386_32          .bss
00007aba R_386_32          .bss
00007b0c R_386_PC32        ip_addr_isbroadcast
00007b20 R_386_PC32        ntohl
00007b30 R_386_PC32        ntohl
00007b68 R_386_32          .bss
00007b72 R_386_32          .bss
00007b8f R_386_32          .bss
00007bac R_386_32          .bss
00007bb4 R_386_32          .bss
00007bcc R_386_32          .bss
00007bd5 R_386_PC32        pbuf_dequeue
00007bdb R_386_32          .bss
00007c11 R_386_PC32        htons
00007c29 R_386_PC32        pbuf_free
00007c36 R_386_32          .bss
00007c50 R_386_32          .rodata.str1.1
00007c55 R_386_PC32        panic
00007c76 R_386_32          .bss
00007c96 R_386_32          .bss
00007c9c R_386_32          .bss
00007ca7 R_386_32          .bss
00007cbc R_386_32          .bss
00007d0a R_386_32          .rodata.str1.1
00007d0f R_386_PC32        panic
00007d79 R_386_PC32        htons
00007d8b R_386_PC32        pbuf_free
00007da4 R_386_PC32        htons
00007df9 R_386_PC32        htons
00007e09 R_386_PC32        ntohs
00007e1d R_386_PC32        htons
00007e2d R_386_PC32        htons
00007e3d R_386_PC32        ntohs
00007e4d R_386_PC32        htons
00007e5d R_386_PC32        htons
00007e8d R_386_32          .rodata.str1.1
00007e92 R_386_PC32        panic
00007eb2 R_386_PC32        pbuf_header
00007ec9 R_386_PC32        ip_addr_isbroadcast
00007ed3 R_386_32          .rodata
00007f0e R_386_PC32        htons
00007f38 R_386_PC32        ntohl
00007f48 R_386_PC32        ntohl
00007f7c R_386_PC32        etharp_query
00007f9b R_386_PC32        ntohl
00007fac R_386_PC32        ntohl
00007fba R_386_PC32        ntohl
00007fcf R_386_32          lwip_stats
00007ffe R_386_PC32        ip_addr_isbroadcast
00008012 R_386_PC32        ntohl
00008022 R_386_PC32        ntohl
00008065 R_386_32          .bss
000080ac R_386_32          .bss
000080c8 R_386_PC32        pbuf_take
000080d7 R_386_32          .bss
000080ea R_386_PC32        pbuf_ref
000080f0 R_386_32          .bss
00008113 R_386_32          .bss
00008131 R_386_PC32        htons
0000815a R_386_PC32        etharp_request
00008178 R_386_32          .rodata.str1.32
0000817d R_386_PC32        panic
0000819f R_386_PC32        pbuf_alloc
000081bf R_386_PC32        htons
000081fc R_386_PC32        htons
0000820c R_386_PC32        ntohs
00008220 R_386_PC32        htons
00008230 R_386_PC32        htons
00008240 R_386_PC32        ntohs
00008250 R_386_PC32        htons
00008280 R_386_PC32        htons
00008298 R_386_PC32        pbuf_free
000082ba R_386_32          .bss
000082c9 R_386_32          .rodata.str1.1
000082ce R_386_PC32        kprintf
000082db R_386_32          .rodata.str1.1
000082e0 R_386_PC32        dev_open
000082ea R_386_32          .data
000082f8 R_386_32          .rodata.str1.1
000082ff R_386_PC32        syslog
00008310 R_386_32          .data
00008315 R_386_PC32        dev_ioctl
00008338 R_386_32          .data
0000833d R_386_PC32        dev_ioctl
00008348 R_386_32          .text
0000834d R_386_PC32        sys_thread_new
00008354 R_386_32          .rodata.str1.1
0000835a R_386_PC32        set_thread_name
0000836c R_386_32          .rodata.str1.1
00008371 R_386_PC32        kprintf
0000837f R_386_32          .rodata.str1.1
000083b7 R_386_PC32        bcopy
000083da R_386_32          .data
000083df R_386_PC32        dev_write
000083ec R_386_32          lwip_stats
000083fe R_386_32          .rodata.str1.1
00008403 R_386_PC32        kprintf
00008428 R_386_32          .data
0000842d R_386_PC32        dev_read
0000843d R_386_PC32        pbuf_alloc
00008457 R_386_PC32        bcopy
0000846d R_386_32          lwip_stats
0000847e R_386_32          .rodata.str1.1
00008485 R_386_PC32        syslog
0000848c R_386_32          lwip_stats
00008493 R_386_32          lwip_stats
000084ac R_386_PC32        etharp_output
000084df R_386_32          lwip_stats
000084f3 R_386_PC32        htons
00008510 R_386_PC32        pbuf_free
00008529 R_386_PC32        etharp_arp_input
00008537 R_386_PC32        pbuf_header
00008548 R_386_32          .rodata.str1.32
0000854d R_386_PC32        panic
0000855f R_386_PC32        etharp_tmr
00008567 R_386_32          .text
00008571 R_386_PC32        sys_timeout
00008583 R_386_PC32        current_thread
0000858b R_386_PC32        thread_wait
000085a2 R_386_32          .rodata.str1.32
000085aa R_386_PC32        kprintf
000085af R_386_PC32        current_thread
000085bc R_386_32          .rodata.str1.1
000085c2 R_386_PC32        sigrecv
000085d5 R_386_PC32        sigdelset
000085f3 R_386_32          .data
000085f8 R_386_PC32        dev_select
0000861b R_386_32          .rodata.str1.1
00008620 R_386_PC32        kprintf
00008644 R_386_PC32        kmalloc
00008667 R_386_32          .text
0000866e R_386_32          .text
0000867e R_386_PC32        etharp_init
00008688 R_386_32          .text
00008692 R_386_PC32        sys_timeout
0000838b R_386_PC32        kprintf
00008594 R_386_PC32        schedule
000086aa R_386_32          .bss
000086ba R_386_32          tinfo
000086c2 R_386_32          tinfo
000086e2 R_386_PC32        new_kernel_thread
000086e8 R_386_32          tinfo
000086ee R_386_32          .bss
000086fe R_386_32          .rodata.str1.32
00008703 R_386_PC32        panic
0000871a R_386_PC32        mm_malloc
00008730 R_386_PC32        current_thread
00008739 R_386_PC32        create_msgport
00008765 R_386_32          .rodata.str1.1
0000876a R_386_PC32        kprintf
00008774 R_386_PC32        mm_free
00008782 R_386_32          .rodata.str1.1
00008791 R_386_PC32        sys_jos_mbox_new
000087ac R_386_PC32        msgport_destroy
000087b6 R_386_PC32        mm_free
000087c3 R_386_32          .rodata.str1.1
000087c8 R_386_PC32        panic
000087ee R_386_32          .rodata.str1.1
000087f3 R_386_PC32        panic
00008806 R_386_32          .data
0000880e R_386_32          .data
00008822 R_386_32          .data
00008833 R_386_PC32        msgport_send
0000883f R_386_32          .rodata.str1.32
00008844 R_386_PC32        panic
00008851 R_386_32          .rodata.str1.32
00008856 R_386_PC32        panic
0000889b R_386_PC32        msgport_pend
000088c7 R_386_32          .rodata.str1.1
000088cc R_386_PC32        panic
000088db R_386_32          .rodata.str1.32
000088e0 R_386_PC32        panic
00008905 R_386_PC32        sem_new
0000891d R_386_32          .rodata.str1.1
00008922 R_386_PC32        kprintf
0000894e R_386_PC32        down
0000896c R_386_32          .rodata.str1.32
00008971 R_386_PC32        panic
00008998 R_386_32          .rodata.str1.32
0000899d R_386_PC32        panic
000089ad R_386_32          .bss
000089b7 R_386_32          timeouts
000089cc R_386_32          .bss
000089d4 R_386_32          tinfo
000089e0 R_386_PC32        current_thread_id
000089f2 R_386_32          .bss
000089f9 R_386_32          timeouts
000088f1 R_386_PC32        sem_free
00008990 R_386_PC32        up
00008a73 R_386_32          .rodata.str1.1
00008a78 R_386_PC32        kprintf
00008a8c R_386_32          .bss
00008a91 R_386_32          .bss
00008aa9 R_386_PC32        sys_init
00008aae R_386_PC32        memp_init
00008ab3 R_386_PC32        pbuf_init
00008ab8 R_386_PC32        netif_init
00008ac2 R_386_PC32        sys_sem_new
00008ac9 R_386_32          .bss
00008ace R_386_32          .text
00008ad3 R_386_32          .bss
00008ad8 R_386_PC32        tcpip_init
00008ade R_386_32          .bss
00008af2 R_386_32          .bss
00008af7 R_386_PC32        sys_sem_free
00008afe R_386_32          .rodata.str1.1
00008b03 R_386_PC32        kprintf
00008b17 R_386_PC32        dll_args
00008b2f R_386_PC32        htonl
00008b3e R_386_PC32        htonl
00008b4d R_386_PC32        htonl
00008b57 R_386_32          .rodata.str1.1
00008b5c R_386_PC32        kprintf
00008b64 R_386_32          tcpip_input
00008b69 R_386_32          ethernetif_init
00008b79 R_386_32          .bss
00008b7e R_386_PC32        netif_add
00008b86 R_386_32          .rodata.str1.1
00008b8b R_386_PC32        kprintf
00008b98 R_386_PC32        current_thread
00008ba2 R_386_PC32        thread_wait
00008ba7 R_386_PC32        schedule
00008bb5 R_386_32          .rodata.str1.1
00008bba R_386_PC32        kprintf
00008bc1 R_386_32          .bss
00008bc6 R_386_PC32        dhcp_start
00008bd2 R_386_PC32        htonl
00008bea R_386_32          .bss
00008bef R_386_PC32        dhcp_stop
00008c09 R_386_32          .bss
00008c15 R_386_32          .bss
00008c1a R_386_32          .bss
00008c22 R_386_32          .bss
00008c2a R_386_PC32        netif_set_addr
00008c31 R_386_32          .bss
00008c36 R_386_PC32        netif_set_up
00008c3d R_386_32          .bss
00008c42 R_386_PC32        netif_set_default
00008c4e R_386_PC32        htonl
00008c5d R_386_PC32        htonl
00008c6c R_386_PC32        htonl
00008c76 R_386_32          .rodata.str1.1
00008c7b R_386_PC32        kprintf
00008c83 R_386_32          tcpip_input
00008c88 R_386_32          loopif_init
00008c98 R_386_32          .bss
00008c9d R_386_PC32        netif_add
00008ca5 R_386_32          .bss
00008caa R_386_PC32        netif_set_up
00008cb1 R_386_32          .bss
00008cb6 R_386_PC32        netif_set_default
00008ccd R_386_32          .bss
00008cd6 R_386_PC32        current_thread
00008cdf R_386_PC32        thread_wait
00008ce4 R_386_PC32        schedule
00008d02 R_386_32          tcpip_input
00008d07 R_386_32          ethernetif_init
00008d17 R_386_32          .bss
00008d1c R_386_PC32        netif_add
00008d24 R_386_32          .bss
00008d29 R_386_PC32        netif_set_up
00008d30 R_386_32          .bss
00008d3e R_386_32          .bss
00008d43 R_386_PC32        sys_sem_wait
00008d58 R_386_32          .bss
00008d60 R_386_32          .bss
00008d7c R_386_32          .rodata.str1.1
00008d85 R_386_32          .bss
00008d8d R_386_PC32        snprintf
00008e20 R_386_PC32        htonl
00008e25 R_386_32          .bss
00008e2f R_386_32          .bss
00008e3f R_386_32          .rodata.str1.1
00008e44 R_386_PC32        kprintf
00008e4f R_386_PC32        sys_sem_signal
00008e55 R_386_32          .bss
00008e67 R_386_32          .rodata.str1.1
00008e6c R_386_PC32        kprintf
00008e7f R_386_32          tcpstat
00008e84 R_386_PC32        register_proc_entry
00008e8b R_386_32          arpstat
00008e90 R_386_PC32        register_proc_entry
00008e97 R_386_32          ifstat
00008e9c R_386_PC32        register_proc_entry
00008eae R_386_32          .rodata.str1.1
00008eb7 R_386_32          .rodata
00008ebc R_386_32          .rodata.str1.1
00008ec3 R_386_32          .rodata.str1.1
00008eca R_386_32          .rodata.str1.1
00008ed1 R_386_32          .rodata.str1.1
00008ed8 R_386_32          .rodata.str1.1
00008edf R_386_32          .rodata.str1.1
00008ee6 R_386_32          .rodata.str1.1
00008eed R_386_32          .rodata.str1.1
00008ef4 R_386_32          .rodata.str1.1
00008efb R_386_32          .rodata.str1.1
00008f02 R_386_32          .rodata.str1.1
00008f15 R_386_32          .rodata.str1.1
00008f1f R_386_32          .rodata.str1.1
00008f29 R_386_32          .rodata.str1.1
00008f33 R_386_32          .rodata.str1.1
00008f3d R_386_32          .rodata.str1.1
00008f47 R_386_32          .rodata.str1.1
00008f51 R_386_32          .rodata.str1.1
00008f5a R_386_32          .rodata.str1.1
00008f61 R_386_32          .rodata.str1.1
00008f76 R_386_32          .rodata.str1.1
00008f85 R_386_PC32        sprintf
00008f8b R_386_32          tcp_active_pcbs
00008fa2 R_386_PC32        tcp_print_state
00008fb5 R_386_PC32        sprintf
00008fcf R_386_32          .rodata.str1.1
00008fd8 R_386_PC32        sprintf
00008fde R_386_32          tcp_listen_pcbs
00008ff6 R_386_PC32        tcp_print_state
00009012 R_386_32          .rodata.str1.32
0000901b R_386_PC32        sprintf
0000902f R_386_32          .rodata.str1.1
00009035 R_386_PC32        sprintf
0000903b R_386_32          tcp_tw_pcbs
00009052 R_386_PC32        tcp_print_state
0000906e R_386_32          .rodata.str1.32
00009077 R_386_PC32        sprintf
000090a2 R_386_32          .bss
000090aa R_386_32          .bss
000090bb R_386_32          netif_list
00009100 R_386_PC32        inetntoa
0000910d R_386_PC32        inetntoa
00009118 R_386_PC32        inetntoa
0000912a R_386_32          .rodata.str1.32
00009130 R_386_PC32        sprintf
0000914c R_386_32          .bss
00009151 R_386_PC32        inetntoa
0000915b R_386_32          .rodata.str1.1
00009162 R_386_PC32        sprintf
00009187 R_386_PC32        proc_entry_init
0000918c R_386_32          .data
00009195 R_386_32          .rodata.str1.1
0000919a R_386_PC32        install_dll_table
000091a7 R_386_32          .rodata.str1.1
000091ac R_386_PC32        remove_dll_table
000091b8 R_386_32          .rodata
000091d2 R_386_32          .bss
000091d9 R_386_32          .bss
000091e1 R_386_32          .bss
000091e9 R_386_32          .bss
000091f5 R_386_32          .bss
000091fc R_386_32          .bss
00009204 R_386_32          .bss
0000920c R_386_32          .bss
00009218 R_386_32          .bss
0000921f R_386_32          .bss
00009227 R_386_32          .bss
0000922f R_386_32          .bss
00009250 R_386_32          .bss
0000925c R_386_32          .bss
00009265 R_386_32          .bss
0000927a R_386_32          .rodata.str1.1
0000927f R_386_PC32        strncmp
00009298 R_386_PC32        inetaton
000092a0 R_386_32          .bss
000092a9 R_386_32          .bss
000092b2 R_386_32          .bss
000092ba R_386_32          .bss
000092ce R_386_32          .rodata
000092d3 R_386_PC32        device_register
000092df R_386_PC32        module_init
000092e4 R_386_PC32        export_lwip_symtab
000092ec R_386_32          lwip_socket_call_hook
000092f1 R_386_PC32        setup_unix_socketcall
00009303 R_386_32          .rodata.str1.32
00009308 R_386_PC32        kprintf
0000931a R_386_32          .rodata.str1.1
0000931f R_386_PC32        strncmp
00009334 R_386_PC32        inetaton
0000933c R_386_32          .bss
00009345 R_386_32          .bss
0000934e R_386_32          .bss
00009356 R_386_32          .bss
00009366 R_386_32          .rodata.str1.1
0000936b R_386_PC32        strncmp
00009384 R_386_PC32        inetaton
0000938c R_386_32          .bss
00009395 R_386_32          .bss
0000939e R_386_32          .bss
000093a6 R_386_32          .bss
000093b7 R_386_32          .rodata.str1.32
000093bc R_386_PC32        kprintf
000093cc R_386_32          .rodata.str1.1
000093d1 R_386_PC32        find_thread
000093e2 R_386_32          .rodata.str1.1
000093e7 R_386_PC32        kprintf
000093f1 R_386_PC32        sendsig
000093fc R_386_32          .rodata.str1.1
00009401 R_386_PC32        find_thread
00009412 R_386_32          .rodata.str1.1
00009417 R_386_PC32        kprintf
00009421 R_386_PC32        sendsig
00009437 R_386_PC32        term_threads
0000943c R_386_PC32        remove_lwip_symtab
00009455 R_386_32          .rodata.str1.1
0000945a R_386_PC32        kprintf
00009469 R_386_32          .rodata
00009477 R_386_PC32        lwip_socket
0000949c R_386_PC32        lwip_bind
000094a7 R_386_PC32        cur_addr_insystem
000094c1 R_386_PC32        lwip_connect
000094cc R_386_PC32        cur_addr_insystem
00009504 R_386_PC32        lwip_accept
00009512 R_386_PC32        cur_addr_insystem
00009520 R_386_PC32        cur_addr_insystem
00009543 R_386_PC32        lwip_getsockname
00009551 R_386_PC32        cur_addr_insystem
0000955f R_386_PC32        cur_addr_insystem
00009582 R_386_PC32        lwip_getpeername
00009590 R_386_PC32        cur_addr_insystem
0000959e R_386_PC32        cur_addr_insystem
000095bc R_386_PC32        lwip_send
000095ca R_386_PC32        cur_addr_insystem
000095e6 R_386_PC32        lwip_recv
000095f4 R_386_PC32        cur_addr_insystem
00009620 R_386_PC32        lwip_sendto
0000962e R_386_PC32        cur_addr_insystem
0000963c R_386_PC32        cur_addr_insystem
00009671 R_386_PC32        lwip_recvfrom
0000967f R_386_PC32        cur_addr_insystem
0000968d R_386_PC32        cur_addr_insystem
0000969d R_386_PC32        cur_addr_insystem
000096d8 R_386_PC32        lwip_setsockopt
000096e6 R_386_PC32        cur_addr_insystem
0000970f R_386_PC32        lwip_getsockopt
0000971d R_386_PC32        cur_addr_insystem
0000972b R_386_PC32        cur_addr_insystem
00009767 R_386_32          .rodata.str1.1
0000976c R_386_PC32        kprintf
0000977f R_386_32          .rodata
000097b8 R_386_PC32        lwip_select
000097c9 R_386_PC32        cur_addr_insystem
000097d7 R_386_PC32        cur_addr_insystem
000097e7 R_386_PC32        cur_addr_insystem
000097f7 R_386_PC32        cur_addr_insystem
00009809 R_386_32          .rodata.str1.1
0000980e R_386_PC32        kprintf
0000981a R_386_PC32        lwip_ioctl
00009868 R_386_PC32        cur_addr_insystem
0000989b R_386_PC32        cur_addr_insystem
000098eb R_386_PC32        cur_addr_insystem
000098f9 R_386_PC32        cur_addr_insystem
00009932 R_386_PC32        cur_addr_insystem
00009940 R_386_PC32        cur_addr_insystem
00009979 R_386_PC32        cur_addr_insystem
00009987 R_386_PC32        cur_addr_insystem
000099ca R_386_PC32        cur_addr_insystem
00009a03 R_386_PC32        cur_addr_insystem
00009a31 R_386_PC32        lwip_sendto
00009a3f R_386_PC32        cur_addr_insystem
00009a4d R_386_PC32        cur_addr_insystem
00009a82 R_386_PC32        lwip_recvfrom
00009a90 R_386_PC32        cur_addr_insystem
00009a9e R_386_PC32        cur_addr_insystem
00009aae R_386_PC32        cur_addr_insystem
00009ae9 R_386_PC32        lwip_setsockopt
00009af7 R_386_PC32        cur_addr_insystem
00009b20 R_386_PC32        lwip_getsockopt
00009b2e R_386_PC32        cur_addr_insystem
00009b3c R_386_PC32        cur_addr_insystem
00009b55 R_386_PC32        cur_addr_insystem
00009b78 R_386_32          .rodata.str1.1
00009b7d R_386_PC32        kprintf
00009bb0 R_386_32          .rodata.str1.1
00009bb5 R_386_PC32        kprintf
00009be0 R_386_32          .rodata.str1.1
00009be5 R_386_PC32        kprintf
00009bed R_386_PC32        lwip_close
000094e8 R_386_PC32        lwip_listen
000096bb R_386_PC32        lwip_shutdown
0000983c R_386_PC32        lwip_socket
0000985f R_386_PC32        lwip_bind
00009892 R_386_PC32        lwip_connect
000098b9 R_386_PC32        lwip_listen
000098e2 R_386_PC32        lwip_accept
00009929 R_386_PC32        lwip_getsockname
00009970 R_386_PC32        lwip_getpeername
000099c1 R_386_PC32        lwip_send
000099fa R_386_PC32        lwip_recv
00009acc R_386_PC32        lwip_shutdown
00009b95 R_386_PC32        lwip_write
00009bcd R_386_PC32        lwip_read
00009c04 R_386_32          .data
00009c21 R_386_32          .bss
00009c27 R_386_32          .bss
00009c43 R_386_32          .bss
00009c54 R_386_32          .bss
00009c59 R_386_PC32        sys_sem_wait
00009c66 R_386_32          .bss
00009c7c R_386_32          .bss
00009c81 R_386_PC32        sys_sem_signal
00009c97 R_386_32          .bss
00009c9d R_386_32          .bss
00009ca3 R_386_32          .bss
00009cae R_386_32          .bss
00009cb7 R_386_32          .bss
00009cc0 R_386_32          .bss
00009cc9 R_386_32          .bss
00009cd1 R_386_32          .bss
00009cda R_386_PC32        sys_sem_signal
00009ce8 R_386_PC32        sys_sem_new
00009ced R_386_32          .bss
00009d25 R_386_PC32        netconn_accept
00009d38 R_386_PC32        netconn_peer
00009d59 R_386_PC32        htons
00009d89 R_386_PC32        memcpy
00009da5 R_386_32          .text
00009db4 R_386_32          .bss
00009db9 R_386_PC32        sys_sem_wait
00009dd0 R_386_32          .bss
00009dd5 R_386_PC32        sys_sem_signal
00009df2 R_386_PC32        netconn_delete
00009e38 R_386_PC32        ntohs
00009e4a R_386_PC32        netconn_bind
00009e7b R_386_32          .data
00009e93 R_386_32          .bss
00009ea4 R_386_32          .bss
00009ea9 R_386_PC32        sys_sem_wait
00009ec7 R_386_PC32        netconn_delete
00009eed R_386_32          .bss
00009ef2 R_386_PC32        sys_sem_signal
00009f0d R_386_PC32        netbuf_delete
00009f1b R_386_32          .bss
00009f20 R_386_PC32        sys_sem_signal
00009f32 R_386_PC32        sys_sem_new
00009f37 R_386_32          .bss
00009f3e R_386_32          .rodata.str1.1
00009f43 R_386_PC32        printk
00009f7d R_386_PC32        netconn_disconnect
00009fae R_386_32          .data
00009fcb R_386_PC32        ntohs
00009fdd R_386_PC32        netconn_connect
0000a007 R_386_PC32        netconn_listen
0000a036 R_386_32          .data
0000a090 R_386_PC32        netconn_recv
0000a0a6 R_386_PC32        netbuf_len
0000a0d7 R_386_PC32        netbuf_copy_partial
0000a0f1 R_386_PC32        netbuf_fromaddr
0000a0fc R_386_PC32        netbuf_fromport
0000a123 R_386_PC32        htons
0000a155 R_386_PC32        memcpy
0000a162 R_386_PC32        netconn_type
0000a1aa R_386_PC32        netbuf_delete
0000a1e2 R_386_PC32        lwip_recvfrom
0000a1ff R_386_PC32        lwip_recvfrom
0000a22d R_386_PC32        netconn_type
0000a274 R_386_32          .data
0000a285 R_386_PC32        netbuf_new
0000a29a R_386_PC32        netbuf_ref
0000a2a4 R_386_PC32        netconn_send
0000a2ae R_386_PC32        netbuf_delete
0000a2cd R_386_PC32        netconn_write
0000a306 R_386_PC32        netconn_peer
0000a31f R_386_PC32        ntohs
0000a331 R_386_PC32        netconn_connect
0000a342 R_386_PC32        lwip_send
0000a35c R_386_PC32        netconn_connect
0000a376 R_386_PC32        netconn_disconnect
0000a39f R_386_32          .text
0000a3a9 R_386_PC32        netconn_new_with_callback
0000a3d6 R_386_PC32        netconn_delete
0000a3e3 R_386_32          .text
0000a3ef R_386_PC32        netconn_new_with_proto_and_callback
0000a3fc R_386_32          .text
0000a416 R_386_PC32        lwip_send
0000a4e2 R_386_32          .rodata.str1.32
0000a4eb R_386_PC32        kprintf
0000a505 R_386_32          .rodata.str1.1
0000a50a R_386_PC32        kprintf
0000a542 R_386_32          .rodata.str1.32
0000a54b R_386_PC32        kprintf
0000a596 R_386_32          .rodata.str1.32
0000a59b R_386_PC32        kprintf
0000a5ac R_386_32          .bss
0000a5d4 R_386_32          .bss
0000a5d9 R_386_PC32        sys_sem_wait
0000a65b R_386_PC32        sys_sem_new
0000a663 R_386_32          .bss
0000a66d R_386_32          .bss
0000a676 R_386_32          .bss
0000a67b R_386_PC32        sys_sem_signal
0000a6b8 R_386_PC32        sys_sem_wait_timeout
0000a6c1 R_386_32          .bss
0000a6c6 R_386_PC32        sys_sem_wait
0000a6cb R_386_32          .bss
0000a6f5 R_386_32          .bss
0000a6fa R_386_PC32        sys_sem_signal
0000a703 R_386_PC32        sys_sem_free
0000a79d R_386_32          .rodata.str1.1
0000a7a2 R_386_PC32        kprintf
0000a80b R_386_32          .bss
0000a819 R_386_32          .bss
0000a81e R_386_PC32        sys_sem_signal
0000a856 R_386_32          .rodata.str1.32
0000a85b R_386_PC32        kprintf
0000a869 R_386_32          .bss
0000a86e R_386_PC32        sys_sem_signal
0000a89e R_386_PC32        sys_sem_new
0000a8a3 R_386_32          .bss
0000a8ea R_386_32          .bss
0000a8fb R_386_32          .bss
0000a900 R_386_PC32        sys_sem_wait
0000a931 R_386_32          .bss
0000a936 R_386_PC32        sys_sem_signal
0000a93d R_386_32          .bss
0000a942 R_386_PC32        sys_sem_wait
0000a948 R_386_32          .bss
0000a9ab R_386_32          .bss
0000a9ce R_386_32          .bss
0000a9d3 R_386_PC32        sys_sem_signal
0000aa18 R_386_PC32        sys_sem_new
0000aa1d R_386_32          .bss
0000aa8e R_386_PC32        netconn_peer
0000aa9a R_386_PC32        htons
0000aac7 R_386_PC32        memcpy
0000ab22 R_386_PC32        netconn_addr
0000ab2e R_386_PC32        htons
0000ab5d R_386_PC32        memcpy
0000a9ba R_386_PC32        sys_sem_signal
0000aa45 R_386_PC32        lwip_close
0000afaf R_386_PC32        tcp_tmr
0000afb5 R_386_32          tcp_active_pcbs
0000afbf R_386_32          tcp_tw_pcbs
0000afcb R_386_32          .text
0000afd5 R_386_PC32        sys_timeout
0000afe2 R_386_32          .bss
0000aff3 R_386_32          .bss
0000affc R_386_32          tcp_active_pcbs
0000b005 R_386_32          tcp_tw_pcbs
0000b011 R_386_32          .text
0000b01c R_386_32          .bss
0000b025 R_386_PC32        sys_timeout
0000b037 R_386_PC32        ip_reass_tmr
0000b03f R_386_32          .text
0000b049 R_386_PC32        sys_timeout
0000b058 R_386_32          .rodata.str1.1
0000b05d R_386_PC32        printk
0000b062 R_386_PC32        ip_init
0000b067 R_386_PC32        udp_init
0000b06c R_386_PC32        tcp_init
0000b076 R_386_32          .text
0000b080 R_386_PC32        sys_timeout
0000b085 R_386_PC32        sys_mbox_new
0000b08a R_386_32          .bss
0000b08f R_386_32          .bss
0000b09f R_386_32          .bss
0000b0b2 R_386_32          .bss
0000b0b7 R_386_PC32        sys_mbox_fetch
0000b0db R_386_PC32        memp_free
0000b0ff R_386_PC32        api_msg_input
0000b112 R_386_PC32        ip_input
0000b11c R_386_32          .rodata.str1.1
0000b121 R_386_PC32        kprintf
0000b139 R_386_PC32        memp_malloc
0000b15b R_386_32          .bss
0000b160 R_386_PC32        sys_mbox_post
0000b170 R_386_PC32        pbuf_free
0000b185 R_386_PC32        memp_malloc
0000b1af R_386_32          .bss
0000b1b4 R_386_PC32        sys_mbox_post
0000b1c9 R_386_PC32        memp_malloc
0000b1e3 R_386_32          .bss
0000b1e8 R_386_PC32        sys_mbox_post
0000b1fb R_386_PC32        memp_free
0000b20e R_386_32          .bss
0000b216 R_386_32          .bss
0000b21f R_386_32          .text
0000b224 R_386_PC32        sys_thread_new
0000b231 R_386_32          .rodata.str1.1
0000b237 R_386_PC32        set_thread_name
0000b245 R_386_PC32        memp_malloc
0000b281 R_386_PC32        memp_free
0000b295 R_386_PC32        pbuf_free
0000b2c7 R_386_PC32        pbuf_alloc
0000b2ed R_386_PC32        pbuf_free
0000b31d R_386_PC32        pbuf_free
0000b341 R_386_PC32        pbuf_alloc
0000b365 R_386_PC32        pbuf_free
0000b383 R_386_PC32        pbuf_chain
0000b4b0 R_386_PC32        netbuf_copy_partial
0000b4df R_386_PC32        memp_malloc
0000b503 R_386_PC32        sys_mbox_new
0000b525 R_386_PC32        sys_sem_new
0000b553 R_386_PC32        memp_malloc
0000b572 R_386_PC32        api_msg_post
0000b57e R_386_PC32        sys_mbox_fetch
0000b588 R_386_PC32        memp_free
0000b5a7 R_386_PC32        memp_free
0000b5be R_386_PC32        netconn_new_with_proto_and_callback
0000b5d3 R_386_PC32        netconn_new_with_proto_and_callback
0000b5f7 R_386_PC32        memp_malloc
0000b61b R_386_PC32        api_msg_post
0000b627 R_386_PC32        sys_mbox_fetch
0000b631 R_386_PC32        memp_free
0000b64c R_386_PC32        sys_arch_mbox_fetch
0000b668 R_386_PC32        pbuf_free
0000b67b R_386_PC32        netbuf_delete
0000b688 R_386_PC32        sys_mbox_free
0000b6b0 R_386_PC32        sys_arch_mbox_fetch
0000b6c1 R_386_PC32        netconn_delete
0000b6d1 R_386_PC32        sys_mbox_free
0000b6e6 R_386_PC32        sys_mbox_free
0000b702 R_386_PC32        memp_free
0000b714 R_386_PC32        sys_sem_free
0000b81e R_386_PC32        memp_malloc
0000b843 R_386_PC32        api_msg_post
0000b84f R_386_PC32        sys_mbox_fetch
0000b859 R_386_PC32        memp_free
0000b879 R_386_PC32        sys_mbox_new
0000b8b0 R_386_PC32        memp_malloc
0000b8da R_386_PC32        api_msg_post
0000b8e6 R_386_PC32        sys_mbox_fetch
0000b8f0 R_386_PC32        memp_free
0000b905 R_386_PC32        sys_mbox_new
0000b92f R_386_PC32        memp_malloc
0000b94f R_386_PC32        api_msg_post
0000b95b R_386_PC32        sys_mbox_fetch
0000b965 R_386_PC32        memp_free
0000b991 R_386_PC32        memp_malloc
0000b9ac R_386_PC32        api_msg_post
0000b9b8 R_386_PC32        sys_mbox_fetch
0000b9c2 R_386_PC32        memp_free
0000b9e1 R_386_PC32        sys_mbox_new
0000ba0d R_386_PC32        sys_mbox_fetch
0000ba7c R_386_PC32        memp_malloc
0000ba99 R_386_PC32        sys_mbox_fetch
0000bae2 R_386_PC32        memp_malloc
0000bb0e R_386_PC32        api_msg_post
0000bb1a R_386_PC32        sys_mbox_fetch
0000bb24 R_386_PC32        memp_free
0000bb52 R_386_PC32        memp_free
0000bb5b R_386_PC32        sys_mbox_free
0000bb99 R_386_PC32        sys_mbox_fetch
0000bc02 R_386_PC32        memp_malloc
0000bc25 R_386_PC32        api_msg_post
0000bc31 R_386_PC32        sys_mbox_fetch
0000bc3b R_386_PC32        memp_free
0000bc8e R_386_PC32        memp_malloc
0000bcf5 R_386_PC32        api_msg_post
0000bd01 R_386_PC32        sys_mbox_fetch
0000bd2b R_386_PC32        memp_free
0000bd4f R_386_PC32        sys_sem_wait
0000bd63 R_386_PC32        sys_sem_wait
0000bd9f R_386_PC32        memp_malloc
0000bdc2 R_386_PC32        api_msg_post
0000bdce R_386_PC32        sys_mbox_fetch
0000bde7 R_386_PC32        sys_sem_wait
0000bdfe R_386_PC32        memp_free
0000b3a0 R_386_PC32        memp_free
0000be43 R_386_PC32        memp_malloc
0000be55 R_386_PC32        pbuf_ref
0000be89 R_386_PC32        sys_mbox_post
0000bed7 R_386_PC32        memp_malloc
0000bf7c R_386_PC32        sys_mbox_post
0000bfa0 R_386_PC32        pbuf_free
0000bfd8 R_386_PC32        sys_sem_signal
0000c02d R_386_PC32        sys_sem_signal
0000c063 R_386_PC32        sys_mbox_post
0000c079 R_386_PC32        sys_mbox_post
0000c096 R_386_PC32        sys_mbox_post
0000c0e8 R_386_PC32        tcp_arg
0000c0ef R_386_32          .text
0000c0f5 R_386_PC32        tcp_recv
0000c0fc R_386_32          .text
0000c102 R_386_PC32        tcp_sent
0000c10c R_386_32          .text
0000c112 R_386_PC32        tcp_poll
0000c119 R_386_32          .text
0000c11f R_386_PC32        tcp_err
0000c140 R_386_PC32        memp_malloc
0000c153 R_386_PC32        sys_mbox_new
0000c162 R_386_PC32        sys_mbox_new
0000c176 R_386_PC32        sys_sem_new
0000c1c7 R_386_PC32        sys_mbox_post
0000c1ef R_386_PC32        sys_mbox_free
0000c1f8 R_386_PC32        sys_mbox_free
0000c202 R_386_PC32        memp_free
0000c243 R_386_32          .rodata
0000c250 R_386_PC32        raw_new
0000c25d R_386_32          .text
0000c267 R_386_PC32        raw_recv
0000c279 R_386_PC32        sys_mbox_post
0000c285 R_386_PC32        tcp_new
0000c2a7 R_386_PC32        udp_new
0000c2ba R_386_32          .text
0000c2c2 R_386_PC32        udp_recv
0000c2c9 R_386_PC32        udp_new
0000c2e7 R_386_32          .text
0000c2f0 R_386_PC32        udp_new
0000c353 R_386_PC32        tcp_arg
0000c361 R_386_PC32        tcp_sent
0000c36f R_386_PC32        tcp_recv
0000c380 R_386_PC32        tcp_poll
0000c38e R_386_PC32        tcp_err
0000c399 R_386_PC32        tcp_close
0000c3be R_386_PC32        sys_mbox_post
0000c3f1 R_386_PC32        tcp_abort
0000c406 R_386_PC32        tcp_arg
0000c414 R_386_PC32        tcp_accept
0000c41f R_386_PC32        tcp_close
0000c433 R_386_PC32        udp_remove
0000c44a R_386_PC32        raw_remove
0000c46f R_386_32          .rodata
0000c47c R_386_PC32        raw_new
0000c489 R_386_32          .text
0000c493 R_386_PC32        raw_recv
0000c4b9 R_386_PC32        tcp_bind
0000c4ce R_386_PC32        sys_mbox_post
0000c4e9 R_386_PC32        udp_bind
0000c4ff R_386_PC32        raw_bind
0000c506 R_386_PC32        tcp_new
0000c51d R_386_PC32        udp_new
0000c528 R_386_32          .text
0000c532 R_386_PC32        udp_recv
0000c53c R_386_PC32        udp_new
0000c54f R_386_PC32        udp_new
0000c58e R_386_PC32        sys_mbox_post
0000c5c9 R_386_32          .rodata
0000c5d6 R_386_PC32        raw_new
0000c5e3 R_386_32          .text
0000c5ed R_386_PC32        raw_recv
0000c60f R_386_32          .text
0000c621 R_386_PC32        tcp_connect
0000c63d R_386_PC32        udp_connect
0000c64b R_386_PC32        sys_mbox_post
0000c663 R_386_PC32        raw_connect
0000c66a R_386_PC32        tcp_new
0000c68d R_386_PC32        sys_mbox_post
0000c694 R_386_PC32        udp_new
0000c6ad R_386_32          .text
0000c6b5 R_386_PC32        udp_recv
0000c6bf R_386_PC32        udp_new
0000c6d7 R_386_32          .text
0000c6e0 R_386_PC32        udp_new
0000c717 R_386_PC32        sys_mbox_post
0000c727 R_386_PC32        udp_disconnect
0000c75c R_386_PC32        tcp_listen
0000c77e R_386_PC32        tcp_arg
0000c785 R_386_32          .text
0000c78f R_386_PC32        tcp_accept
0000c7a1 R_386_PC32        sys_mbox_post
0000c7ae R_386_PC32        sys_mbox_new
0000c7f5 R_386_PC32        sys_mbox_post
0000c808 R_386_PC32        udp_send
0000c823 R_386_PC32        raw_send
0000c84c R_386_PC32        sys_mbox_post
0000c864 R_386_PC32        tcp_recved
0000c8a6 R_386_PC32        tcp_write
0000c8d3 R_386_PC32        tcp_output
0000c905 R_386_PC32        sys_mbox_post
0000c96d R_386_PC32        sys_mbox_post
0000c97d R_386_PC32        tcp_output
0000c98f R_386_PC32        tcp_close
0000c9aa R_386_32          .data
0000bf16 R_386_PC32        sys_mbox_post
0000bf37 R_386_PC32        pbuf_free
0000c0b4 R_386_PC32        sys_sem_signal
0000c9b5 R_386_PC32        tcpip_apimsg


RELOCATION RECORDS FOR [.rodata]:
OFFSET   TYPE              VALUE 
0000003c R_386_32          .text
00000040 R_386_32          .text
00000044 R_386_32          .text
00000048 R_386_32          .text
0000004c R_386_32          .text
00000050 R_386_32          .text
00000054 R_386_32          .text
00000058 R_386_32          .text
0000005c R_386_32          .text
00000060 R_386_32          .text
00000064 R_386_32          .text
00000068 R_386_32          .text
0000006c R_386_32          .text
00000070 R_386_32          .text
00000074 R_386_32          .text
00000078 R_386_32          .text
0000007c R_386_32          .text
00000080 R_386_32          .text
00000084 R_386_32          .text
00000088 R_386_32          .text
0000008c R_386_32          .text
00000090 R_386_32          .text
00000094 R_386_32          .text
000000b4 R_386_32          .text
000000b8 R_386_32          .text
000000bc R_386_32          .text
000000c0 R_386_32          .text
000000c4 R_386_32          .text
000000c8 R_386_32          .text
000000cc R_386_32          .text
000000d0 R_386_32          .text
000000d4 R_386_32          .text
000000d8 R_386_32          .text
000000dc R_386_32          .text
000000e0 R_386_32          .rodata.str1.1
000000e4 R_386_32          .rodata.str1.1
000000e8 R_386_32          .rodata.str1.1
000000f0 R_386_32          .text
000000f4 R_386_32          lwip_drv_close
000000f8 R_386_32          lwip_drv_read
000000fc R_386_32          lwip_drv_write
00000100 R_386_32          lwip_drv_ioctl
00000104 R_386_32          lwip_select
00000124 R_386_32          .text
00000128 R_386_32          .text
0000012c R_386_32          .text
00000130 R_386_32          .text
00000134 R_386_32          .text
00000138 R_386_32          .text
0000013c R_386_32          .text
00000140 R_386_32          .text
00000144 R_386_32          .text
00000148 R_386_32          .text
0000014c R_386_32          .text
00000150 R_386_32          .text
00000154 R_386_32          .text
00000158 R_386_32          .text
0000015c R_386_32          .text
00000160 R_386_32          .text
00000164 R_386_32          .text
00000168 R_386_32          .text
0000016c R_386_32          .text
00000170 R_386_32          .text
00000174 R_386_32          .text
00000178 R_386_32          .text
0000017c R_386_32          .text
00000180 R_386_32          .text
00000184 R_386_32          .text
00000188 R_386_32          .text
0000018c R_386_32          .text
00000190 R_386_32          .text
00000194 R_386_32          .text
00000198 R_386_32          .text
0000019c R_386_32          .text
000001a0 R_386_32          .text
000001a4 R_386_32          .text
000001a8 R_386_32          .text
000001ac R_386_32          .text
000001b0 R_386_32          .text
000001b4 R_386_32          .text
000001b8 R_386_32          .text
000001bc R_386_32          .text
000001c0 R_386_32          .text
000001c4 R_386_32          .text
000001c8 R_386_32          .text
000001cc R_386_32          .text
000001d0 R_386_32          .text
000001d4 R_386_32          .text
000001d8 R_386_32          .text
000001dc R_386_32          .text
000001e0 R_386_32          .text
000001e4 R_386_32          .text
000001e8 R_386_32          .text
000001ec R_386_32          .text
000001f0 R_386_32          .text


RELOCATION RECORDS FOR [.data]:
OFFSET   TYPE              VALUE 
000033c0 R_386_32          .rodata.str1.1
000033c4 R_386_32          inet_ntoa
000033c8 R_386_32          .rodata.str1.1
000033cc R_386_32          inet_aton
000033d0 R_386_32          .rodata.str1.1
000033d4 R_386_32          inet_addr
000033d8 R_386_32          .rodata.str1.1
000033dc R_386_32          lwip_accept
000033e0 R_386_32          .rodata.str1.1
000033e4 R_386_32          lwip_bind
000033e8 R_386_32          .rodata.str1.1
000033ec R_386_32          lwip_bind
000033f0 R_386_32          .rodata.str1.1
000033f4 R_386_32          lwip_shutdown
000033f8 R_386_32          .rodata.str1.1
000033fc R_386_32          lwip_close
00003400 R_386_32          .rodata.str1.1
00003404 R_386_32          lwip_connect
00003408 R_386_32          .rodata.str1.1
0000340c R_386_32          lwip_getsockname
00003410 R_386_32          .rodata.str1.1
00003414 R_386_32          lwip_getpeername
00003418 R_386_32          .rodata.str1.1
0000341c R_386_32          lwip_setsockopt
00003420 R_386_32          .rodata.str1.1
00003424 R_386_32          lwip_getsockopt
00003428 R_386_32          .rodata.str1.1
0000342c R_386_32          lwip_listen
00003430 R_386_32          .rodata.str1.1
00003434 R_386_32          lwip_recv
00003438 R_386_32          .rodata.str1.1
0000343c R_386_32          lwip_read
00003440 R_386_32          .rodata.str1.1
00003444 R_386_32          lwip_recvfrom
00003448 R_386_32          .rodata.str1.1
0000344c R_386_32          lwip_send
00003450 R_386_32          .rodata.str1.1
00003454 R_386_32          lwip_sendto
00003458 R_386_32          .rodata.str1.1
0000345c R_386_32          lwip_socket
00003460 R_386_32          .rodata.str1.1
00003464 R_386_32          lwip_write
00003468 R_386_32          .rodata.str1.1
0000346c R_386_32          lwip_select
00003470 R_386_32          .rodata.str1.1
00003474 R_386_32          lwip_ioctl
00003478 R_386_32          .rodata.str1.1
0000347c R_386_32          netconn_new
00003480 R_386_32          .rodata.str1.1
00003484 R_386_32          netconn_bind
00003488 R_386_32          .rodata.str1.1
0000348c R_386_32          netconn_listen
00003490 R_386_32          .rodata.str1.1
00003494 R_386_32          netconn_accept
00003498 R_386_32          .rodata.str1.1
0000349c R_386_32          netconn_write
000034a0 R_386_32          .rodata.str1.1
000034a4 R_386_32          netconn_recv
000034a8 R_386_32          .rodata.str1.1
000034ac R_386_32          netconn_send
000034b0 R_386_32          .rodata.str1.1
000034b4 R_386_32          netconn_delete
000034b8 R_386_32          .rodata.str1.1
000034bc R_386_32          netbuf_copy
000034c0 R_386_32          .rodata.str1.1
000034c4 R_386_32          netconn_type
000034c8 R_386_32          .rodata.str1.1
000034cc R_386_32          netconn_peer
000034d0 R_386_32          .rodata.str1.1
000034d4 R_386_32          netconn_addr
000034d8 R_386_32          .rodata.str1.1
000034dc R_386_32          netconn_disconnect
000034e0 R_386_32          .rodata.str1.1
000034e4 R_386_32          netconn_connect
000034e8 R_386_32          .rodata.str1.1
000034ec R_386_32          netconn_err
000034f0 R_386_32          .rodata.str1.1
000034f4 R_386_32          netconn_new_with_callback
000034f8 R_386_32          .rodata.str1.32
000034fc R_386_32          netconn_new_with_proto_and_callback
00003500 R_386_32          .rodata.str1.1
00003504 R_386_32          netbuf_fromaddr
00003508 R_386_32          .rodata.str1.1
0000350c R_386_32          netbuf_fromport
00003510 R_386_32          .rodata.str1.1
00003514 R_386_32          netbuf_next
00003518 R_386_32          .rodata.str1.1
0000351c R_386_32          netbuf_first
00003520 R_386_32          .rodata.str1.1
00003524 R_386_32          netbuf_data
00003528 R_386_32          .rodata.str1.1
0000352c R_386_32          netbuf_next
00003530 R_386_32          .rodata.str1.1
00003534 R_386_32          netbuf_delete
00003538 R_386_32          .rodata.str1.1
0000353c R_386_32          netbuf_len
00003540 R_386_32          .rodata.str1.1
00003544 R_386_32          netbuf_ref
00003548 R_386_32          .rodata.str1.1
0000354c R_386_32          netbuf_chain
00003550 R_386_32          .rodata.str1.1
00003554 R_386_32          netbuf_alloc
00003558 R_386_32          .rodata.str1.1
0000355c R_386_32          netbuf_free
00003560 R_386_32          .rodata.str1.1
00003564 R_386_32          tcp_close
00003568 R_386_32          .rodata.str1.1
0000356c R_386_32          tcp_connect
00003570 R_386_32          .rodata.str1.1
00003574 R_386_32          tcp_arg
00003578 R_386_32          .rodata.str1.1
0000357c R_386_32          tcp_sent
00003580 R_386_32          .rodata.str1.1
00003584 R_386_32          tcp_err
00003588 R_386_32          .rodata.str1.1
0000358c R_386_32          tcp_recv
00003590 R_386_32          .rodata.str1.1
00003594 R_386_32          tcp_new
00003598 R_386_32          .rodata.str1.1
0000359c R_386_32          tcp_bind
000035a0 R_386_32          .rodata.str1.1
000035a4 R_386_32          tcp_listen
000035a8 R_386_32          .rodata.str1.1
000035ac R_386_32          tcp_accept
000035b0 R_386_32          .rodata.str1.1
000035b4 R_386_32          tcp_poll
000035b8 R_386_32          .rodata.str1.1
000035bc R_386_32          tcp_write
000035c0 R_386_32          .rodata.str1.1
000035c4 R_386_32          tcp_setprio
000035c8 R_386_32          .rodata.str1.1
000035cc R_386_32          tcp_abort
000035d0 R_386_32          .rodata.str1.1
000035d4 R_386_32          tcp_recved
000035d8 R_386_32          .rodata.str1.1
000035dc R_386_32          pbuf_free
000035e0 R_386_32          .rodata.str1.1
000035e4 R_386_32          pbuf_alloc
000035e8 R_386_32          .rodata.str1.1
000035ec R_386_32          pbuf_realloc
000035f0 R_386_32          .rodata.str1.1
000035f4 R_386_32          pbuf_cat
000035f8 R_386_32          .rodata.str1.1
000035fc R_386_32          pbuf_queue
00003600 R_386_32          .rodata.str1.1
00003604 R_386_32          pbuf_dequeue
00003608 R_386_32          .rodata.str1.1
0000360c R_386_32          pbuf_clen
00003610 R_386_32          .rodata.str1.1
00003614 R_386_32          pbuf_ref
00003618 R_386_32          .rodata.str1.1
0000361c R_386_32          pbuf_header
00003628 R_386_32          .rodata.str1.1
00003630 R_386_32          tcp_print_pcbs
0000363c R_386_32          .rodata.str1.1
00003644 R_386_32          netif_proc
00003650 R_386_32          .rodata.str1.1
00003658 R_386_32          etharp_proc
00003d20 R_386_32          .rodata.str1.1
00003d24 R_386_32          .rodata.str1.1
00003d28 R_386_32          .rodata.str1.1
00003d2c R_386_32          .rodata.str1.1
00003d30 R_386_32          .rodata.str1.1
00003d34 R_386_32          .rodata.str1.1
00003d38 R_386_32          .rodata.str1.1
00003d3c R_386_32          .rodata.str1.1
00003d40 R_386_32          .rodata.str1.1
00003d44 R_386_32          .rodata.str1.1
00003d48 R_386_32          .rodata.str1.1
000046a0 R_386_32          .text
000046a4 R_386_32          .text
000046a8 R_386_32          .text
000046ac R_386_32          .text
000046b0 R_386_32          .text
000046b4 R_386_32          .text
000046b8 R_386_32          .text
000046bc R_386_32          .text
000046c0 R_386_32          .text
000046c4 R_386_32          .text
000046c8 R_386_32          .text


