00000000         *UND*	00000000 usbbus_add_bus
00000000         *UND*	00000000 get_system_time
00000000         *UND*	00000000 load_hc_modules
00000000         *UND*	00000000 new_kernel_thread
00000000         *UND*	00000000 sem_create
00000000         *UND*	00000000 cleanup_skel
00000000         *UND*	00000000 usbbus_free_bus
00000000         *UND*	00000000 kfree
00000000         *UND*	00000000 dbg
00000000         *UND*	00000000 uhci_cleanup_unlink
00000000         *UND*	00000000 init_skel
00000000         *UND*	00000000 sem_acquire
00000000         *UND*	00000000 usbbus_alloc_bus
00000000         *UND*	00000000 SHOW_FLOW
00000000         *UND*	00000000 vm_get_kernel_aspace_id
00000000         *UND*	00000000 reset_hc
00000000         *UND*	00000000 SHOW_ERROR0
00000000         *UND*	00000000 mutex_lock
00000000         *UND*	00000000 uhci_check_timeouts
00000000         *UND*	00000000 panic
00000000         *UND*	00000000 printk
00000000         *UND*	00000000 process_urb
00000000         *UND*	00000000 memset
00000000         *UND*	00000000 uhci_start_usb
00000000         *UND*	00000000 busman_get
00000000         *UND*	00000000 sprintf
00000000         *UND*	00000000 mutex_unlock
00000000         *UND*	00000000 vm_get_page_mapping
00000000         *UND*	00000000 uhci_switch_timer_int
00000000         *UND*	00000000 kmalloc
00000000         *UND*	00000000 KMALLOC
00000000         *UND*	00000000 clean_descs
00000000         *UND*	00000000 thread_snooze
00000000         *UND*	00000000 put_irq_handler
00000000         *UND*	00000000 start_hc
00000000         *UND*	00000000 sem_delete
00000000         *UND*	00000000 ASSERT
