00000000         *UND*	00000000 strcpy
00000000         *UND*	00000000 dev_driver_header
00000000         *UND*	00000000 recv
00000000         *UND*	00000000 dev_write
00000000         *UND*	00000000 set_io_event
00000000         *UND*	00000000 memmove
00000000         *UND*	00000000 dev_ioctl
00000000         *UND*	00000000 install_dll_table
00000000         *UND*	00000000 current_taskno
00000000         *UND*	00000000 memcpy
00000000         *UND*	00000000 kfree
00000000         *UND*	00000000 register_fs
00000000         *UND*	00000000 create_semaphore
00000000         *UND*	00000000 dev_read
00000000         *UND*	00000000 unlock_semaphore
00000000         *UND*	00000000 send
00000000         *UND*	00000000 select_fs
00000000         *UND*	00000000 thread_wakeup
00000000         *UND*	00000000 lock_semaphore
00000000         *UND*	00000000 stricmp
00000000         *UND*	00000000 get_kernel_command
00000000         *UND*	00000000 dev_open
00000000         *UND*	00000000 disable
00000000         *UND*	00000000 get_unix_time
00000000         *UND*	00000000 dev_close
00000000         *UND*	00000000 detach_ioobject
00000000         *UND*	00000000 clear_io_event
00000000         *UND*	00000000 strncmp
00000000         *UND*	00000000 strncpy
00000000         *UND*	00000000 panic
00000000         *UND*	00000000 memcmp
00000000         *UND*	00000000 printk
00000000         *UND*	00000000 startup_ticks
00000000         *UND*	00000000 memset
00000000         *UND*	00000000 syslog
00000000         *UND*	00000000 strcmp
00000000         *UND*	00000000 destroy_semaphore
00000000         *UND*	00000000 sprintf
00000000         *UND*	00000000 closesocket
00000000         *UND*	00000000 to_unix_time
00000000         *UND*	00000000 strnicmp
00000000         *UND*	00000000 read_proc
00000000         *UND*	00000000 kprintf
00000000         *UND*	00000000 thread_waitq_init
00000000         *UND*	00000000 init_ioobject
00000000         *UND*	00000000 kmalloc
00000000         *UND*	00000000 thread_sleep_on
00000000         *UND*	00000000 strlen
00000000         *UND*	00000000 current_thread_id
00000000         *UND*	00000000 strchr
00000000         *UND*	00000000 kcalloc
00000000         *UND*	00000000 proc_get_header
