00000000         *UND*	00000000 strcpy
00000000         *UND*	00000000 remove_timer
00000000         *UND*	00000000 snprintf
00000000         *UND*	00000000 nf_register_sockopt
00000000         *UND*	00000000 memcpy
00000000         *UND*	00000000 kfree
00000000         *UND*	00000000 nf_unregister_hook
00000000         *UND*	00000000 nf_unregister_sockopt
00000000         *UND*	00000000 strcat
00000000         *UND*	00000000 get_unix_time
00000000         *UND*	00000000 mod_timer
00000000         *UND*	00000000 strncmp
00000000         *UND*	00000000 strncpy
00000000         *UND*	00000000 panic
00000000         *UND*	00000000 memcmp
00000000         *UND*	00000000 sscanf
00000000         *UND*	00000000 printk
00000000         *UND*	00000000 startup_ticks
00000000         *UND*	00000000 memset
00000000         *UND*	00000000 strcmp
00000000         *UND*	00000000 sprintf
00000000         *UND*	00000000 nf_register_hook
00000000         *UND*	00000000 kprintf
00000000         *UND*	00000000 kmalloc
00000000         *UND*	00000000 strlen
00000000         *UND*	00000000 kcalloc
