
objs/usb_uhci.dll:     file format elf32-i386

RELOCATION RECORDS FOR [.text]:
OFFSET   TYPE              VALUE 
0000028a R_386_PC32        startup_ticks
00000399 R_386_PC32        kmalloc
000003db R_386_PC32        memset
000006e1 R_386_PC32        kfree
000006fd R_386_PC32        kmalloc
0000073f R_386_PC32        memset
000007cf R_386_32          .rodata
000007d4 R_386_PC32        kprintf
00000923 R_386_32          .rodata
00000928 R_386_PC32        kprintf
000009ad R_386_32          .rodata
000009b2 R_386_PC32        kprintf
00000a74 R_386_32          .rodata
00000a79 R_386_PC32        kprintf
00000a89 R_386_PC32        clean_descs
00000b4a R_386_PC32        kfree
00000b64 R_386_PC32        kfree
00000c39 R_386_32          .rodata
00000c3e R_386_PC32        kprintf
00000c52 R_386_32          .rodata
00000c57 R_386_PC32        kprintf
00000c6c R_386_PC32        kmalloc
00000cb2 R_386_PC32        memset
00000cbd R_386_32          .rodata
00000cc2 R_386_PC32        kprintf
00000ccd R_386_32          .rodata
00000cd2 R_386_PC32        kprintf
00000ce7 R_386_PC32        kmalloc
00000d2b R_386_32          .rodata
00000d30 R_386_PC32        kprintf
00000da0 R_386_32          .rodata
00000da5 R_386_PC32        kprintf
00000e2d R_386_32          .rodata
00000e32 R_386_PC32        kprintf
00000e77 R_386_32          .rodata
00000e7c R_386_PC32        kprintf
00000eda R_386_32          .rodata
00000edf R_386_PC32        kprintf
00000f48 R_386_32          .rodata
00000f4d R_386_PC32        kprintf
00000fc9 R_386_32          .rodata
00000fce R_386_PC32        kprintf
000010dc R_386_32          .rodata
000010e1 R_386_PC32        kprintf
00001183 R_386_32          .rodata
00001188 R_386_PC32        kprintf
00001466 R_386_32          .rodata
0000146b R_386_PC32        kprintf
00001578 R_386_32          .rodata
0000157d R_386_PC32        kprintf
00001609 R_386_32          .rodata
0000160e R_386_PC32        kprintf
000016c6 R_386_32          .rodata
000016cb R_386_PC32        kprintf
00001ac5 R_386_32          .rodata
00001aca R_386_PC32        kprintf
00001b48 R_386_32          .rodata
00001b4d R_386_PC32        kprintf
00001c41 R_386_32          .rodata
00001c46 R_386_PC32        kprintf
00001da8 R_386_32          .bss
00001dc5 R_386_32          .bss
00001df8 R_386_32          .rodata
00001dfd R_386_PC32        kprintf
00002098 R_386_PC32        kfree
000020b5 R_386_32          .rodata
000020ba R_386_PC32        kprintf
0000219f R_386_32          .rodata
000021a4 R_386_PC32        kprintf
0000233d R_386_PC32        kfree
0000235f R_386_32          .rodata
00002364 R_386_PC32        kprintf
00002641 R_386_32          .rodata
00002646 R_386_PC32        kprintf
00002690 R_386_32          .rodata
00002695 R_386_PC32        kprintf
000026fb R_386_32          .rodata
00002700 R_386_PC32        kprintf
000027d7 R_386_32          .rodata
000027dc R_386_PC32        kprintf
00002a55 R_386_PC32        kmalloc
00002a84 R_386_PC32        memset
00002ab9 R_386_32          .rodata
00002abe R_386_PC32        kprintf
00002b45 R_386_PC32        kfree
00002c9d R_386_PC32        kfree
00002ccf R_386_32          .rodata
00002cd4 R_386_PC32        kprintf
00002d26 R_386_32          .rodata
00002d2b R_386_PC32        kprintf
00002d58 R_386_32          .rodata
00002d5d R_386_PC32        kprintf
00002e18 R_386_32          .rodata
00002e1d R_386_PC32        kprintf
00002e62 R_386_32          .rodata
00002e67 R_386_PC32        kprintf
00002ee8 R_386_32          .rodata
00002eed R_386_PC32        printk
00002f16 R_386_32          .rodata
00002f1b R_386_PC32        printk
00002f82 R_386_32          .rodata
00002f87 R_386_PC32        kprintf
00002fff R_386_32          .rodata
00003004 R_386_PC32        printk
0000301f R_386_PC32        kmalloc
0000307b R_386_PC32        memset
000030a3 R_386_32          .rodata
000030a8 R_386_PC32        kprintf
000031de R_386_32          .bss
00003223 R_386_32          .bss
00003266 R_386_32          .bss
000032a4 R_386_32          .bss
000032f4 R_386_32          .rodata
000032f9 R_386_PC32        kprintf
00003336 R_386_PC32        kfree
000033b9 R_386_PC32        startup_ticks
000033da R_386_32          .rodata
000033df R_386_PC32        kprintf
00003429 R_386_PC32        startup_ticks
0000344f R_386_PC32        startup_ticks
00003573 R_386_32          .rodata
00003578 R_386_PC32        kprintf
0000364d R_386_32          .text
000036b3 R_386_PC32        restart_timer
0000373b R_386_32          .rodata
00003740 R_386_PC32        kprintf
0000380b R_386_32          .rodata
00003810 R_386_PC32        kprintf
00003a73 R_386_32          .rodata
00003ef7 R_386_32          .data
00003eff R_386_PC32        memcpy
00003f5a R_386_32          .data
00003f62 R_386_PC32        memcpy
00003f73 R_386_32          .bss
00003f80 R_386_32          .rodata
00003fe6 R_386_32          .data
00004039 R_386_32          .data
00004041 R_386_PC32        memcpy
00004099 R_386_32          .rodata
0000409e R_386_PC32        kprintf
00004110 R_386_32          .rodata
00004115 R_386_PC32        kprintf
00004261 R_386_32          .rodata
00004266 R_386_PC32        kprintf
000042a7 R_386_32          .rodata
000042ac R_386_PC32        printk
00004488 R_386_32          .rodata
0000448d R_386_PC32        kprintf
00004568 R_386_32          .rodata
0000456d R_386_PC32        kprintf
000046f1 R_386_32          .rodata
000046f6 R_386_PC32        kprintf
00004734 R_386_32          .rodata
00004739 R_386_PC32        kprintf
00004791 R_386_32          .rodata
00004796 R_386_PC32        kprintf
00004810 R_386_32          .rodata
00004815 R_386_PC32        printk
00004910 R_386_32          .rodata
00004915 R_386_PC32        kprintf
00004b06 R_386_PC32        startup_ticks
00004cab R_386_32          .rodata
00004cb0 R_386_PC32        kprintf
00004d25 R_386_PC32        startup_ticks
00004d31 R_386_32          .rodata
00004d36 R_386_PC32        kprintf
00004d84 R_386_32          .rodata
00004d89 R_386_PC32        kprintf
00004df3 R_386_32          .rodata
00004df8 R_386_PC32        kprintf
00004ed3 R_386_32          .rodata
00004ed8 R_386_PC32        kprintf
00004f23 R_386_32          .rodata
00004f28 R_386_PC32        kprintf
00004f5a R_386_32          .rodata
00004f5f R_386_PC32        kprintf
00005036 R_386_32          .bss
0000506d R_386_32          .bss
0000508b R_386_32          .rodata
00005090 R_386_PC32        kprintf
000050cc R_386_PC32        kfree
00005154 R_386_32          .rodata
00005159 R_386_PC32        printk
00005223 R_386_32          .rodata
00005228 R_386_PC32        printk
00005310 R_386_32          .rodata
00005315 R_386_PC32        kprintf
00005328 R_386_PC32        startup_ticks
0000535e R_386_32          .rodata
00005363 R_386_PC32        kprintf
0000536e R_386_PC32        startup_ticks
00005390 R_386_32          .rodata
00005395 R_386_PC32        printk
0000544b R_386_PC32        startup_ticks
00005476 R_386_PC32        clean_descs
000054c8 R_386_32          .rodata
000054cd R_386_PC32        kprintf
00005587 R_386_32          .rodata
0000558c R_386_PC32        printk
00005607 R_386_32          .bss
00005640 R_386_32          .bss
00005653 R_386_32          .bss
0000566a R_386_32          .bss
000056a1 R_386_32          .rodata
000056aa R_386_PC32        sprintf
000056bb R_386_32          .rodata
000056c0 R_386_PC32        printk
000056d2 R_386_PC32        kmalloc
000056fc R_386_PC32        memset
00005768 R_386_32          .rodata
0000577f R_386_32          .rodata
00005798 R_386_32          .rodata
000057e1 R_386_32          .bss
000057fa R_386_PC32        kfree
0000581f R_386_32          .text
0000582c R_386_32          .text
00005839 R_386_32          .text
00005846 R_386_32          .text
00005853 R_386_32          .text
000058b8 R_386_32          .rodata
000058bd R_386_PC32        kprintf
000058e2 R_386_32          .rodata
000058e7 R_386_PC32        kprintf
00005906 R_386_32          .rodata
0000590b R_386_PC32        printk
0000594e R_386_32          .bss
00005964 R_386_PC32        kfree
0000598a R_386_32          .bss
000059b1 R_386_32          .rodata
000059ba R_386_32          uhci_interrupt
000059d7 R_386_32          .rodata
000059dc R_386_PC32        printk
000059e7 R_386_32          .bss
00005a19 R_386_PC32        kfree
00005a2d R_386_32          .bss
00005a6d R_386_32          .bss
00005a94 R_386_32          .rodata
00005a99 R_386_PC32        printk
00005ab9 R_386_32          .bss
00005b57 R_386_32          .rodata
00005b5c R_386_PC32        printk
00005c1a R_386_32          .bss
00005c85 R_386_32          .bss
00005c9f R_386_32          .bss
00005cb8 R_386_32          .bss
00005cd2 R_386_32          .bss
00005d1e R_386_PC32        pci_size
00005d36 R_386_PC32        pci_size
00005d58 R_386_32          .rodata
00005d5d R_386_PC32        printk
00005d75 R_386_32          .bss
00005d8f R_386_32          .bss
00005dea R_386_32          .bss
00005e0a R_386_32          .rodata
00005e0f R_386_PC32        printk
00005e44 R_386_32          .rodata
00005e49 R_386_PC32        printk
00005e6d R_386_32          .bss
00005e8a R_386_32          .bss
00005eaf R_386_32          .rodata
00005eb4 R_386_PC32        busman_get
00005ec8 R_386_32          .rodata
00005ecd R_386_PC32        printk
00005ef1 R_386_32          .bss
00005ef7 R_386_32          .bss
00005f0e R_386_32          .rodata
00005f13 R_386_PC32        busman_get
00005f27 R_386_32          .rodata
00005f2c R_386_PC32        printk
00005f4d R_386_32          .bss
00005f53 R_386_32          .bss
00005f5e R_386_32          .rodata
00005f63 R_386_PC32        printk
00005f85 R_386_32          .rodata
00005f8a R_386_PC32        printk
00005f95 R_386_32          .rodata
00005f9a R_386_PC32        printk
00005fcc R_386_PC32        device_init
00005fdc R_386_32          .rodata
00005fe1 R_386_PC32        kprintf
00005ff1 R_386_PC32        device_uninit
0000600a R_386_PC32        put_irq_handler
00006030 R_386_PC32        current_thread
00006039 R_386_PC32        thread_wait
00006124 R_386_PC32        kmalloc
00006140 R_386_PC32        init_timer
00006151 R_386_PC32        install_timer
00006167 R_386_PC32        remove_timer
00006175 R_386_PC32        kfree


RELOCATION RECORDS FOR [.rodata]:
OFFSET   TYPE              VALUE 
00000884 R_386_32          .text
00000888 R_386_32          .text
0000088c R_386_32          .text
00000890 R_386_32          .text
00000894 R_386_32          .text
00000898 R_386_32          .text
0000089c R_386_32          .text
000008a0 R_386_32          .text
000008a4 R_386_32          .text
000008a8 R_386_32          .text
000008ac R_386_32          .text
000008b0 R_386_32          .text
000008b4 R_386_32          .text
000008b8 R_386_32          .text
000008bc R_386_32          .text
000008c0 R_386_32          .text
000008c4 R_386_32          .text
000008c8 R_386_32          .text
000008cc R_386_32          .text
000008d0 R_386_32          .text
000008d4 R_386_32          .text


RELOCATION RECORDS FOR [.data]:
OFFSET   TYPE              VALUE 
00000224 R_386_32          .bss


