00000000         *UND*	00000000 dev_ioctl
00000000         *UND*	00000000 memcpy
00000000         *UND*	00000000 kfree
00000000         *UND*	00000000 iput
00000000         *UND*	00000000 buf_find
00000000         *UND*	00000000 create_semaphore
00000000         *UND*	00000000 dev_read
00000000         *UND*	00000000 unlock_semaphore
00000000         *UND*	00000000 lock_semaphore_ex
00000000         *UND*	00000000 lock_semaphore
00000000         *UND*	00000000 iget
00000000         *UND*	00000000 deinstall_fs
00000000         *UND*	00000000 install_fs
00000000         *UND*	00000000 strncpy
00000000         *UND*	00000000 panic
00000000         *UND*	00000000 delete_semaphore
00000000         *UND*	00000000 mark_buf_dirty
00000000         *UND*	00000000 printk
00000000         *UND*	00000000 startup_ticks
00000000         *UND*	00000000 memset
00000000         *UND*	00000000 strcmp
00000000         *UND*	00000000 ifind
00000000         *UND*	00000000 sprintf
00000000         *UND*	00000000 unlock_semaphore_ex
00000000         *UND*	00000000 bread
00000000         *UND*	00000000 starup_ticks
00000000         *UND*	00000000 kmalloc
00000000         *UND*	00000000 buf_release
00000000         *UND*	00000000 strlen
00000000         *UND*	00000000 strchr
00000000         *UND*	00000000 kcalloc
