00000000         *UND*	00000000 strcpy
00000000         *UND*	00000000 dev_write
00000000         *UND*	00000000 memmove
00000000         *UND*	00000000 new_kernel_thread
00000000         *UND*	00000000 memcpy
00000000         *UND*	00000000 kfree
00000000         *UND*	00000000 lock_semaphore_timeout
00000000         *UND*	00000000 buf_find
00000000         *UND*	00000000 create_semaphore
00000000         *UND*	00000000 dev_read
00000000         *UND*	00000000 unlock_semaphore
00000000         *UND*	00000000 lock_semaphore
00000000         *UND*	00000000 iget
00000000         *UND*	00000000 deinstall_fs
00000000         *UND*	00000000 get_unix_time
00000000         *UND*	00000000 install_fs
00000000         *UND*	00000000 strncmp
00000000         *UND*	00000000 strncpy
00000000         *UND*	00000000 panic
00000000         *UND*	00000000 mark_buf_dirty
00000000         *UND*	00000000 printk
00000000         *UND*	00000000 startup_ticks
00000000         *UND*	00000000 memset
00000000         *UND*	00000000 strcmp
00000000         *UND*	00000000 destroy_semaphore
00000000         *UND*	00000000 sprintf
00000000         *UND*	00000000 unlock_semaphore_ex
00000000         *UND*	00000000 bread
00000000         *UND*	00000000 kprintf
00000000         *UND*	00000000 kmalloc
00000000         *UND*	00000000 buf_release
00000000         *UND*	00000000 strlen
00000000         *UND*	00000000 current_thread_id
00000000         *UND*	00000000 strchr
00000000         *UND*	00000000 kcalloc
