
devfs:     file format elf32-i386

RELOCATION RECORDS FOR [.text]:
OFFSET   TYPE              VALUE 
00000013 R_386_32          .rodata.str1.1
00000018 R_386_PC32        kprintf
0000001f R_386_32          .data
00000024 R_386_PC32        install_fs
00000037 R_386_32          .data
0000003c R_386_PC32        deinstall_fs
0000004f R_386_32          .rodata.str1.32
00000054 R_386_PC32        kprintf
0000006f R_386_32          .rodata.str1.1
00000074 R_386_PC32        kprintf
0000008a R_386_32          .rodata.str1.1
0000008f R_386_PC32        kprintf
000000a7 R_386_32          .rodata.str1.1
000000ac R_386_PC32        kprintf
000000bb R_386_32          .rodata.str1.1
000000c0 R_386_PC32        kprintf
000000cf R_386_32          .rodata.str1.1
000000d4 R_386_PC32        kprintf
000000e7 R_386_32          .rodata.str1.1
000000ec R_386_PC32        kprintf
000000ff R_386_32          .rodata.str1.1
00000104 R_386_PC32        kprintf


RELOCATION RECORDS FOR [.data]:
OFFSET   TYPE              VALUE 
00000244 R_386_32          .rodata.str1.1
00000248 R_386_32          .rodata.str1.1
0000024c R_386_32          .rodata.str1.1
00000258 R_386_32          devfs_opendir
0000025c R_386_32          devfs_readdir
00000260 R_386_32          devfs_dir_size
00000268 R_386_32          devfs_fread
00000284 R_386_32          devfs_probe
00000288 R_386_32          devfs_mount
0000028c R_386_32          devfs_unmount
00000294 R_386_32          devfs_open


