00000000         *UND*	00000000 pbuf_realloc
00000000         *UND*	00000000 strcpy
00000000         *UND*	00000000 pbuf_free
00000000         *UND*	00000000 set_io_event
00000000         *UND*	00000000 memcpy
00000000         *UND*	00000000 kfree
00000000         *UND*	00000000 netif_add
00000000         *UND*	00000000 create_semaphore
00000000         *UND*	00000000 unlock_semaphore
00000000         *UND*	00000000 netif_delete
00000000         *UND*	00000000 thread_wakeup
00000000         *UND*	00000000 lock_semaphore
00000000         *UND*	00000000 kernel_driver_register
00000000         *UND*	00000000 pbuf_alloc
00000000         *UND*	00000000 clear_io_event
00000000         *UND*	00000000 current_proc_vir2phys
00000000         *UND*	00000000 printk
00000000         *UND*	00000000 startup_ticks
00000000         *UND*	00000000 memset
00000000         *UND*	00000000 strcmp
00000000         *UND*	00000000 destroy_semaphore
00000000         *UND*	00000000 thread_waitq_init
00000000         *UND*	00000000 kmalloc
00000000         *UND*	00000000 get_dev_filp
00000000         *UND*	00000000 thread_sleep_on
00000000         *UND*	00000000 ether_input
